{"C:\\Users\\GIGABYT\\Downloads\\healthcare-web-platform\\server\\src\\app.js": {"path":"C:\\Users\\GIGABYT\\Downloads\\healthcare-web-platform\\server\\src\\app.js","statementMap":{"0":{"start":{"line":2,"column":0},"end":{"line":2,"column":27}},"1":{"start":{"line":4,"column":0},"end":{"line":9,"column":1}},"2":{"start":{"line":5,"column":2},"end":{"line":8,"column":16}},"3":{"start":{"line":6,"column":23},"end":{"line":6,"column":40}},"4":{"start":{"line":7,"column":4},"end":{"line":7,"column":59}},"5":{"start":{"line":11,"column":20},"end":{"line":11,"column":35}},"6":{"start":{"line":12,"column":20},"end":{"line":12,"column":38}},"7":{"start":{"line":13,"column":20},"end":{"line":13,"column":35}},"8":{"start":{"line":14,"column":20},"end":{"line":14,"column":37}},"9":{"start":{"line":15,"column":20},"end":{"line":15,"column":40}},"10":{"start":{"line":16,"column":27},"end":{"line":16,"column":49}},"11":{"start":{"line":17,"column":27},"end":{"line":17,"column":49}},"12":{"start":{"line":18,"column":27},"end":{"line":18,"column":57}},"13":{"start":{"line":19,"column":27},"end":{"line":19,"column":64}},"14":{"start":{"line":20,"column":27},"end":{"line":20,"column":65}},"15":{"start":{"line":21,"column":27},"end":{"line":21,"column":59}},"16":{"start":{"line":22,"column":27},"end":{"line":22,"column":58}},"17":{"start":{"line":23,"column":27},"end":{"line":23,"column":63}},"18":{"start":{"line":24,"column":27},"end":{"line":24,"column":62}},"19":{"start":{"line":25,"column":35},"end":{"line":25,"column":74}},"20":{"start":{"line":26,"column":20},"end":{"line":26,"column":49}},"21":{"start":{"line":27,"column":20},"end":{"line":27,"column":47}},"22":{"start":{"line":30,"column":0},"end":{"line":30,"column":12}},"23":{"start":{"line":33,"column":15},"end":{"line":33,"column":24}},"24":{"start":{"line":34,"column":15},"end":{"line":34,"column":37}},"25":{"start":{"line":37,"column":11},"end":{"line":43,"column":2}},"26":{"start":{"line":46,"column":0},"end":{"line":46,"column":18}},"27":{"start":{"line":52,"column":0},"end":{"line":59,"column":3}},"28":{"start":{"line":53,"column":16},"end":{"line":53,"column":44}},"29":{"start":{"line":54,"column":2},"end":{"line":56,"column":3}},"30":{"start":{"line":55,"column":4},"end":{"line":55,"column":74}},"31":{"start":{"line":57,"column":2},"end":{"line":57,"column":27}},"32":{"start":{"line":58,"column":2},"end":{"line":58,"column":9}},"33":{"start":{"line":61,"column":0},"end":{"line":91,"column":3}},"34":{"start":{"line":62,"column":2},"end":{"line":62,"column":51}},"35":{"start":{"line":69,"column":2},"end":{"line":73,"column":5}},"36":{"start":{"line":70,"column":4},"end":{"line":70,"column":28}},"37":{"start":{"line":70,"column":21},"end":{"line":70,"column":28}},"38":{"start":{"line":71,"column":4},"end":{"line":71,"column":42}},"39":{"start":{"line":72,"column":4},"end":{"line":72,"column":72}},"40":{"start":{"line":78,"column":2},"end":{"line":82,"column":5}},"41":{"start":{"line":79,"column":4},"end":{"line":79,"column":26}},"42":{"start":{"line":79,"column":19},"end":{"line":79,"column":26}},"43":{"start":{"line":80,"column":4},"end":{"line":80,"column":38}},"44":{"start":{"line":81,"column":4},"end":{"line":81,"column":68}},"45":{"start":{"line":84,"column":2},"end":{"line":86,"column":5}},"46":{"start":{"line":85,"column":4},"end":{"line":85,"column":68}},"47":{"start":{"line":88,"column":2},"end":{"line":90,"column":5}},"48":{"start":{"line":89,"column":4},"end":{"line":89,"column":63}},"49":{"start":{"line":94,"column":0},"end":{"line":98,"column":2}},"50":{"start":{"line":100,"column":0},"end":{"line":107,"column":2}},"51":{"start":{"line":109,"column":0},"end":{"line":109,"column":41}},"52":{"start":{"line":110,"column":0},"end":{"line":110,"column":63}},"53":{"start":{"line":114,"column":0},"end":{"line":130,"column":4}},"54":{"start":{"line":115,"column":2},"end":{"line":118,"column":4}},"55":{"start":{"line":119,"column":2},"end":{"line":119,"column":9}},"56":{"start":{"line":133,"column":0},"end":{"line":133,"column":59}},"57":{"start":{"line":133,"column":32},"end":{"line":133,"column":57}},"58":{"start":{"line":136,"column":0},"end":{"line":145,"column":2}},"59":{"start":{"line":137,"column":2},"end":{"line":144,"column":4}},"60":{"start":{"line":148,"column":0},"end":{"line":148,"column":43}},"61":{"start":{"line":149,"column":0},"end":{"line":149,"column":50}},"62":{"start":{"line":150,"column":0},"end":{"line":150,"column":51}},"63":{"start":{"line":151,"column":0},"end":{"line":151,"column":45}},"64":{"start":{"line":152,"column":0},"end":{"line":152,"column":44}},"65":{"start":{"line":153,"column":0},"end":{"line":153,"column":49}},"66":{"start":{"line":154,"column":0},"end":{"line":154,"column":48}},"67":{"start":{"line":157,"column":0},"end":{"line":157,"column":18}},"68":{"start":{"line":158,"column":0},"end":{"line":158,"column":22}},"69":{"start":{"line":161,"column":13},"end":{"line":161,"column":51}},"70":{"start":{"line":163,"column":0},"end":{"line":172,"column":1}},"71":{"start":{"line":164,"column":2},"end":{"line":171,"column":5}},"72":{"start":{"line":165,"column":4},"end":{"line":165,"column":73}},"73":{"start":{"line":166,"column":4},"end":{"line":166,"column":87}},"74":{"start":{"line":167,"column":4},"end":{"line":167,"column":71}},"75":{"start":{"line":168,"column":4},"end":{"line":168,"column":69}},"76":{"start":{"line":169,"column":4},"end":{"line":169,"column":58}},"77":{"start":{"line":170,"column":4},"end":{"line":170,"column":73}},"78":{"start":{"line":175,"column":17},"end":{"line":183,"column":1}},"79":{"start":{"line":176,"column":2},"end":{"line":176,"column":68}},"80":{"start":{"line":177,"column":2},"end":{"line":180,"column":5}},"81":{"start":{"line":178,"column":4},"end":{"line":178,"column":39}},"82":{"start":{"line":179,"column":4},"end":{"line":179,"column":20}},"83":{"start":{"line":182,"column":2},"end":{"line":182,"column":52}},"84":{"start":{"line":182,"column":19},"end":{"line":182,"column":34}},"85":{"start":{"line":185,"column":0},"end":{"line":185,"column":49}},"86":{"start":{"line":185,"column":28},"end":{"line":185,"column":47}},"87":{"start":{"line":186,"column":0},"end":{"line":186,"column":48}},"88":{"start":{"line":186,"column":28},"end":{"line":186,"column":46}},"89":{"start":{"line":188,"column":0},"end":{"line":191,"column":3}},"90":{"start":{"line":189,"column":2},"end":{"line":189,"column":59}},"91":{"start":{"line":190,"column":2},"end":{"line":190,"column":38}},"92":{"start":{"line":190,"column":21},"end":{"line":190,"column":36}},"93":{"start":{"line":193,"column":0},"end":{"line":196,"column":3}},"94":{"start":{"line":194,"column":2},"end":{"line":194,"column":47}},"95":{"start":{"line":195,"column":2},"end":{"line":195,"column":18}},"96":{"start":{"line":198,"column":0},"end":{"line":198,"column":37}}},"fnMap":{"0":{"name":"(anonymous_0)","decl":{"start":{"line":52,"column":7},"end":{"line":52,"column":8}},"loc":{"start":{"line":52,"column":25},"end":{"line":59,"column":1}},"line":52},"1":{"name":"(anonymous_1)","decl":{"start":{"line":61,"column":20},"end":{"line":61,"column":21}},"loc":{"start":{"line":61,"column":32},"end":{"line":91,"column":1}},"line":61},"2":{"name":"(anonymous_2)","decl":{"start":{"line":69,"column":34},"end":{"line":69,"column":35}},"loc":{"start":{"line":69,"column":50},"end":{"line":73,"column":3}},"line":69},"3":{"name":"(anonymous_3)","decl":{"start":{"line":78,"column":32},"end":{"line":78,"column":33}},"loc":{"start":{"line":78,"column":46},"end":{"line":82,"column":3}},"line":78},"4":{"name":"(anonymous_4)","decl":{"start":{"line":84,"column":26},"end":{"line":84,"column":27}},"loc":{"start":{"line":84,"column":38},"end":{"line":86,"column":3}},"line":84},"5":{"name":"(anonymous_5)","decl":{"start":{"line":88,"column":21},"end":{"line":88,"column":22}},"loc":{"start":{"line":88,"column":30},"end":{"line":90,"column":3}},"line":88},"6":{"name":"(anonymous_6)","decl":{"start":{"line":114,"column":21},"end":{"line":114,"column":22}},"loc":{"start":{"line":114,"column":41},"end":{"line":120,"column":1}},"line":114},"7":{"name":"(anonymous_7)","decl":{"start":{"line":133,"column":17},"end":{"line":133,"column":18}},"loc":{"start":{"line":133,"column":32},"end":{"line":133,"column":57}},"line":133},"8":{"name":"(anonymous_8)","decl":{"start":{"line":136,"column":23},"end":{"line":136,"column":24}},"loc":{"start":{"line":137,"column":2},"end":{"line":144,"column":4}},"line":137},"9":{"name":"(anonymous_9)","decl":{"start":{"line":164,"column":22},"end":{"line":164,"column":23}},"loc":{"start":{"line":164,"column":28},"end":{"line":171,"column":3}},"line":164},"10":{"name":"(anonymous_10)","decl":{"start":{"line":175,"column":17},"end":{"line":175,"column":18}},"loc":{"start":{"line":175,"column":29},"end":{"line":183,"column":1}},"line":175},"11":{"name":"(anonymous_11)","decl":{"start":{"line":177,"column":15},"end":{"line":177,"column":16}},"loc":{"start":{"line":177,"column":21},"end":{"line":180,"column":3}},"line":177},"12":{"name":"(anonymous_12)","decl":{"start":{"line":182,"column":13},"end":{"line":182,"column":14}},"loc":{"start":{"line":182,"column":19},"end":{"line":182,"column":34}},"line":182},"13":{"name":"(anonymous_13)","decl":{"start":{"line":185,"column":22},"end":{"line":185,"column":23}},"loc":{"start":{"line":185,"column":28},"end":{"line":185,"column":47}},"line":185},"14":{"name":"(anonymous_14)","decl":{"start":{"line":186,"column":22},"end":{"line":186,"column":23}},"loc":{"start":{"line":186,"column":28},"end":{"line":186,"column":46}},"line":186},"15":{"name":"(anonymous_15)","decl":{"start":{"line":188,"column":33},"end":{"line":188,"column":34}},"loc":{"start":{"line":188,"column":45},"end":{"line":191,"column":1}},"line":188},"16":{"name":"(anonymous_16)","decl":{"start":{"line":190,"column":15},"end":{"line":190,"column":16}},"loc":{"start":{"line":190,"column":21},"end":{"line":190,"column":36}},"line":190},"17":{"name":"(anonymous_17)","decl":{"start":{"line":193,"column":32},"end":{"line":193,"column":33}},"loc":{"start":{"line":193,"column":41},"end":{"line":196,"column":1}},"line":193}},"branchMap":{"0":{"loc":{"start":{"line":4,"column":0},"end":{"line":9,"column":1}},"type":"if","locations":[{"start":{"line":4,"column":0},"end":{"line":9,"column":1}},{"start":{},"end":{}}],"line":4},"1":{"loc":{"start":{"line":7,"column":24},"end":{"line":7,"column":58}},"type":"binary-expr","locations":[{"start":{"line":7,"column":24},"end":{"line":7,"column":44}},{"start":{"line":7,"column":48},"end":{"line":7,"column":58}}],"line":7},"2":{"loc":{"start":{"line":39,"column":17},"end":{"line":39,"column":69}},"type":"binary-expr","locations":[{"start":{"line":39,"column":17},"end":{"line":39,"column":42}},{"start":{"line":39,"column":46},"end":{"line":39,"column":69}}],"line":39},"3":{"loc":{"start":{"line":54,"column":2},"end":{"line":56,"column":3}},"type":"if","locations":[{"start":{"line":54,"column":2},"end":{"line":56,"column":3}},{"start":{},"end":{}}],"line":54},"4":{"loc":{"start":{"line":70,"column":4},"end":{"line":70,"column":28}},"type":"if","locations":[{"start":{"line":70,"column":4},"end":{"line":70,"column":28}},{"start":{},"end":{}}],"line":70},"5":{"loc":{"start":{"line":79,"column":4},"end":{"line":79,"column":26}},"type":"if","locations":[{"start":{"line":79,"column":4},"end":{"line":79,"column":26}},{"start":{},"end":{}}],"line":79},"6":{"loc":{"start":{"line":102,"column":17},"end":{"line":102,"column":69}},"type":"binary-expr","locations":[{"start":{"line":102,"column":17},"end":{"line":102,"column":42}},{"start":{"line":102,"column":46},"end":{"line":102,"column":69}}],"line":102},"7":{"loc":{"start":{"line":143,"column":17},"end":{"line":143,"column":63}},"type":"cond-expr","locations":[{"start":{"line":143,"column":35},"end":{"line":143,"column":46}},{"start":{"line":143,"column":49},"end":{"line":143,"column":63}}],"line":143},"8":{"loc":{"start":{"line":161,"column":13},"end":{"line":161,"column":51}},"type":"binary-expr","locations":[{"start":{"line":161,"column":13},"end":{"line":161,"column":43}},{"start":{"line":161,"column":47},"end":{"line":161,"column":51}}],"line":161},"9":{"loc":{"start":{"line":163,"column":0},"end":{"line":172,"column":1}},"type":"if","locations":[{"start":{"line":163,"column":0},"end":{"line":172,"column":1}},{"start":{},"end":{}}],"line":163},"10":{"loc":{"start":{"line":166,"column":41},"end":{"line":166,"column":78}},"type":"binary-expr","locations":[{"start":{"line":166,"column":41},"end":{"line":166,"column":61}},{"start":{"line":166,"column":65},"end":{"line":166,"column":78}}],"line":166}},"s":{"0":1,"1":1,"2":0,"3":0,"4":0,"5":1,"6":1,"7":1,"8":1,"9":1,"10":1,"11":1,"12":1,"13":1,"14":1,"15":1,"16":1,"17":1,"18":1,"19":1,"20":1,"21":1,"22":1,"23":1,"24":1,"25":1,"26":1,"27":1,"28":0,"29":0,"30":0,"31":0,"32":0,"33":1,"34":0,"35":0,"36":0,"37":0,"38":0,"39":0,"40":0,"41":0,"42":0,"43":0,"44":0,"45":0,"46":0,"47":0,"48":0,"49":1,"50":1,"51":1,"52":1,"53":1,"54":0,"55":0,"56":1,"57":0,"58":1,"59":1,"60":1,"61":1,"62":1,"63":1,"64":1,"65":1,"66":1,"67":1,"68":1,"69":1,"70":1,"71":0,"72":0,"73":0,"74":0,"75":0,"76":0,"77":0,"78":1,"79":0,"80":0,"81":0,"82":0,"83":0,"84":0,"85":1,"86":0,"87":1,"88":0,"89":1,"90":0,"91":0,"92":0,"93":1,"94":0,"95":0,"96":1},"f":{"0":0,"1":0,"2":0,"3":0,"4":0,"5":0,"6":0,"7":0,"8":1,"9":0,"10":0,"11":0,"12":0,"13":0,"14":0,"15":0,"16":0,"17":0},"b":{"0":[0,1],"1":[0,0],"2":[1,0],"3":[0,0],"4":[0,0],"5":[0,0],"6":[1,0],"7":[1,0],"8":[1,0],"9":[0,1],"10":[0,0]},"_coverageSchema":"1a1c01bbd47fc00a2c39e90264f33305004495a9","hash":"b7420dcd0e9166a6647e18e76c5402099997711a"}
,"C:\\Users\\GIGABYT\\Downloads\\healthcare-web-platform\\server\\src\\config\\db.js": {"path":"C:\\Users\\GIGABYT\\Downloads\\healthcare-web-platform\\server\\src\\config\\db.js","statementMap":{"0":{"start":{"line":1,"column":0},"end":{"line":6,"column":1}},"1":{"start":{"line":2,"column":2},"end":{"line":5,"column":16}},"2":{"start":{"line":3,"column":23},"end":{"line":3,"column":40}},"3":{"start":{"line":4,"column":4},"end":{"line":4,"column":59}},"4":{"start":{"line":7,"column":17},"end":{"line":7,"column":36}},"5":{"start":{"line":9,"column":17},"end":{"line":9,"column":18}},"6":{"start":{"line":10,"column":20},"end":{"line":10,"column":21}},"7":{"start":{"line":12,"column":18},"end":{"line":51,"column":1}},"8":{"start":{"line":13,"column":2},"end":{"line":50,"column":3}},"9":{"start":{"line":14,"column":17},"end":{"line":17,"column":6}},"10":{"start":{"line":18,"column":4},"end":{"line":18,"column":19}},"11":{"start":{"line":19,"column":4},"end":{"line":19,"column":64}},"12":{"start":{"line":21,"column":4},"end":{"line":21,"column":17}},"13":{"start":{"line":22,"column":4},"end":{"line":22,"column":89}},"14":{"start":{"line":24,"column":4},"end":{"line":34,"column":5}},"15":{"start":{"line":25,"column":6},"end":{"line":25,"column":24}},"16":{"start":{"line":26,"column":6},"end":{"line":26,"column":83}},"17":{"start":{"line":27,"column":6},"end":{"line":27,"column":70}},"18":{"start":{"line":28,"column":6},"end":{"line":28,"column":60}},"19":{"start":{"line":29,"column":6},"end":{"line":29,"column":71}},"20":{"start":{"line":30,"column":6},"end":{"line":30,"column":76}},"21":{"start":{"line":31,"column":6},"end":{"line":31,"column":56}},"22":{"start":{"line":32,"column":6},"end":{"line":32,"column":83}},"23":{"start":{"line":33,"column":6},"end":{"line":33,"column":24}},"24":{"start":{"line":37,"column":4},"end":{"line":37,"column":48}},"25":{"start":{"line":37,"column":41},"end":{"line":37,"column":48}},"26":{"start":{"line":41,"column":4},"end":{"line":49,"column":5}},"27":{"start":{"line":42,"column":6},"end":{"line":42,"column":98}},"28":{"start":{"line":43,"column":6},"end":{"line":43,"column":34}},"29":{"start":{"line":45,"column":6},"end":{"line":45,"column":83}},"30":{"start":{"line":46,"column":6},"end":{"line":46,"column":84}},"31":{"start":{"line":54,"column":22},"end":{"line":54,"column":64}},"32":{"start":{"line":54,"column":28},"end":{"line":54,"column":64}},"33":{"start":{"line":56,"column":0},"end":{"line":56,"column":27}},"34":{"start":{"line":57,"column":0},"end":{"line":57,"column":45}}},"fnMap":{"0":{"name":"(anonymous_0)","decl":{"start":{"line":12,"column":18},"end":{"line":12,"column":19}},"loc":{"start":{"line":12,"column":30},"end":{"line":51,"column":1}},"line":12},"1":{"name":"(anonymous_1)","decl":{"start":{"line":54,"column":22},"end":{"line":54,"column":23}},"loc":{"start":{"line":54,"column":28},"end":{"line":54,"column":64}},"line":54}},"branchMap":{"0":{"loc":{"start":{"line":1,"column":0},"end":{"line":6,"column":1}},"type":"if","locations":[{"start":{"line":1,"column":0},"end":{"line":6,"column":1}},{"start":{},"end":{}}],"line":1},"1":{"loc":{"start":{"line":4,"column":24},"end":{"line":4,"column":58}},"type":"binary-expr","locations":[{"start":{"line":4,"column":24},"end":{"line":4,"column":44}},{"start":{"line":4,"column":48},"end":{"line":4,"column":58}}],"line":4},"2":{"loc":{"start":{"line":24,"column":4},"end":{"line":34,"column":5}},"type":"if","locations":[{"start":{"line":24,"column":4},"end":{"line":34,"column":5}},{"start":{},"end":{}}],"line":24},"3":{"loc":{"start":{"line":24,"column":8},"end":{"line":24,"column":75}},"type":"binary-expr","locations":[{"start":{"line":24,"column":8},"end":{"line":24,"column":43}},{"start":{"line":24,"column":47},"end":{"line":24,"column":75}}],"line":24},"4":{"loc":{"start":{"line":37,"column":4},"end":{"line":37,"column":48}},"type":"if","locations":[{"start":{"line":37,"column":4},"end":{"line":37,"column":48}},{"start":{},"end":{}}],"line":37},"5":{"loc":{"start":{"line":41,"column":4},"end":{"line":49,"column":5}},"type":"if","locations":[{"start":{"line":41,"column":4},"end":{"line":49,"column":5}},{"start":{"line":44,"column":11},"end":{"line":49,"column":5}}],"line":41}},"s":{"0":1,"1":0,"2":0,"3":0,"4":1,"5":1,"6":1,"7":1,"8":1,"9":1,"10":1,"11":1,"12":0,"13":0,"14":0,"15":0,"16":0,"17":0,"18":0,"19":0,"20":0,"21":0,"22":0,"23":0,"24":0,"25":0,"26":0,"27":0,"28":0,"29":0,"30":0,"31":1,"32":1,"33":1,"34":1},"f":{"0":1,"1":1},"b":{"0":[0,1],"1":[0,0],"2":[0,0],"3":[0,0],"4":[0,0],"5":[0,0]},"_coverageSchema":"1a1c01bbd47fc00a2c39e90264f33305004495a9","hash":"202ae620454046ec6e2e5f3adbb97af0e0f60398"}
,"C:\\Users\\GIGABYT\\Downloads\\healthcare-web-platform\\server\\src\\config\\swagger.js": {"path":"C:\\Users\\GIGABYT\\Downloads\\healthcare-web-platform\\server\\src\\config\\swagger.js","statementMap":{"0":{"start":{"line":2,"column":21},"end":{"line":2,"column":45}},"1":{"start":{"line":4,"column":16},"end":{"line":523,"column":1}},"2":{"start":{"line":525,"column":20},"end":{"line":525,"column":41}},"3":{"start":{"line":527,"column":0},"end":{"line":527,"column":29}}},"fnMap":{},"branchMap":{},"s":{"0":1,"1":1,"2":1,"3":1},"f":{},"b":{},"_coverageSchema":"1a1c01bbd47fc00a2c39e90264f33305004495a9","hash":"a71f42e1fb2d47432996f8a1c6b9c9d8913366c6"}
,"C:\\Users\\GIGABYT\\Downloads\\healthcare-web-platform\\server\\src\\controllers\\adminController.js": {"path":"C:\\Users\\GIGABYT\\Downloads\\healthcare-web-platform\\server\\src\\controllers\\adminController.js","statementMap":{"0":{"start":{"line":2,"column":24},"end":{"line":2,"column":49}},"1":{"start":{"line":3,"column":24},"end":{"line":3,"column":56}},"2":{"start":{"line":4,"column":25},"end":{"line":4,"column":58}},"3":{"start":{"line":5,"column":24},"end":{"line":5,"column":53}},"4":{"start":{"line":6,"column":24},"end":{"line":6,"column":43}},"5":{"start":{"line":7,"column":29},"end":{"line":7,"column":57}},"6":{"start":{"line":10,"column":25},"end":{"line":17,"column":1}},"7":{"start":{"line":11,"column":17},"end":{"line":11,"column":38}},"8":{"start":{"line":12,"column":2},"end":{"line":15,"column":3}},"9":{"start":{"line":13,"column":4},"end":{"line":13,"column":69}},"10":{"start":{"line":14,"column":4},"end":{"line":14,"column":16}},"11":{"start":{"line":16,"column":2},"end":{"line":16,"column":15}},"12":{"start":{"line":25,"column":2},"end":{"line":25,"column":54}},"13":{"start":{"line":25,"column":27},"end":{"line":25,"column":54}},"14":{"start":{"line":27,"column":16},"end":{"line":27,"column":79}},"15":{"start":{"line":28,"column":2},"end":{"line":28,"column":40}},"16":{"start":{"line":34,"column":0},"end":{"line":84,"column":2}},"17":{"start":{"line":35,"column":2},"end":{"line":83,"column":3}},"18":{"start":{"line":36,"column":23},"end":{"line":36,"column":51}},"19":{"start":{"line":38,"column":4},"end":{"line":40,"column":5}},"20":{"start":{"line":39,"column":6},"end":{"line":39,"column":85}},"21":{"start":{"line":42,"column":19},"end":{"line":42,"column":29}},"22":{"start":{"line":42,"column":31},"end":{"line":42,"column":59}},"23":{"start":{"line":43,"column":19},"end":{"line":43,"column":29}},"24":{"start":{"line":43,"column":31},"end":{"line":43,"column":64}},"25":{"start":{"line":54,"column":8},"end":{"line":63,"column":6}},"26":{"start":{"line":65,"column":4},"end":{"line":80,"column":7}},"27":{"start":{"line":82,"column":4},"end":{"line":82,"column":14}},"28":{"start":{"line":89,"column":0},"end":{"line":105,"column":2}},"29":{"start":{"line":90,"column":2},"end":{"line":104,"column":3}},"30":{"start":{"line":91,"column":23},"end":{"line":91,"column":51}},"31":{"start":{"line":92,"column":25},"end":{"line":92,"column":34}},"32":{"start":{"line":93,"column":19},"end":{"line":93,"column":53}},"33":{"start":{"line":94,"column":4},"end":{"line":94,"column":70}},"34":{"start":{"line":94,"column":32},"end":{"line":94,"column":70}},"35":{"start":{"line":96,"column":20},"end":{"line":99,"column":13}},"36":{"start":{"line":101,"column":4},"end":{"line":101,"column":66}},"37":{"start":{"line":103,"column":4},"end":{"line":103,"column":14}},"38":{"start":{"line":110,"column":0},"end":{"line":153,"column":2}},"39":{"start":{"line":111,"column":2},"end":{"line":111,"column":41}},"40":{"start":{"line":111,"column":34},"end":{"line":111,"column":41}},"41":{"start":{"line":112,"column":2},"end":{"line":152,"column":3}},"42":{"start":{"line":113,"column":41},"end":{"line":113,"column":49}},"43":{"start":{"line":114,"column":23},"end":{"line":114,"column":51}},"44":{"start":{"line":116,"column":19},"end":{"line":116,"column":48}},"45":{"start":{"line":117,"column":4},"end":{"line":119,"column":5}},"46":{"start":{"line":118,"column":6},"end":{"line":118,"column":92}},"47":{"start":{"line":121,"column":17},"end":{"line":121,"column":41}},"48":{"start":{"line":122,"column":25},"end":{"line":122,"column":58}},"49":{"start":{"line":124,"column":19},"end":{"line":140,"column":6}},"50":{"start":{"line":142,"column":15},"end":{"line":142,"column":32}},"51":{"start":{"line":143,"column":4},"end":{"line":143,"column":84}},"52":{"start":{"line":143,"column":12},"end":{"line":143,"column":84}},"53":{"start":{"line":145,"column":4},"end":{"line":149,"column":7}},"54":{"start":{"line":151,"column":4},"end":{"line":151,"column":14}},"55":{"start":{"line":158,"column":0},"end":{"line":175,"column":2}},"56":{"start":{"line":159,"column":2},"end":{"line":174,"column":3}},"57":{"start":{"line":160,"column":23},"end":{"line":160,"column":51}},"58":{"start":{"line":161,"column":25},"end":{"line":161,"column":33}},"59":{"start":{"line":162,"column":19},"end":{"line":166,"column":44}},"60":{"start":{"line":168,"column":4},"end":{"line":170,"column":5}},"61":{"start":{"line":169,"column":6},"end":{"line":169,"column":84}},"62":{"start":{"line":171,"column":4},"end":{"line":171,"column":65}},"63":{"start":{"line":173,"column":4},"end":{"line":173,"column":14}},"64":{"start":{"line":180,"column":0},"end":{"line":213,"column":2}},"65":{"start":{"line":181,"column":2},"end":{"line":212,"column":3}},"66":{"start":{"line":182,"column":23},"end":{"line":182,"column":51}},"67":{"start":{"line":183,"column":61},"end":{"line":183,"column":70}},"68":{"start":{"line":184,"column":19},"end":{"line":184,"column":33}},"69":{"start":{"line":185,"column":4},"end":{"line":185,"column":43}},"70":{"start":{"line":185,"column":18},"end":{"line":185,"column":43}},"71":{"start":{"line":186,"column":4},"end":{"line":186,"column":45}},"72":{"start":{"line":186,"column":18},"end":{"line":186,"column":45}},"73":{"start":{"line":187,"column":4},"end":{"line":193,"column":5}},"74":{"start":{"line":188,"column":16},"end":{"line":188,"column":30}},"75":{"start":{"line":189,"column":6},"end":{"line":192,"column":8}},"76":{"start":{"line":195,"column":18},"end":{"line":195,"column":52}},"77":{"start":{"line":196,"column":18},"end":{"line":196,"column":58}},"78":{"start":{"line":197,"column":25},"end":{"line":203,"column":13}},"79":{"start":{"line":205,"column":4},"end":{"line":209,"column":7}},"80":{"start":{"line":211,"column":4},"end":{"line":211,"column":14}},"81":{"start":{"line":218,"column":0},"end":{"line":241,"column":2}},"82":{"start":{"line":219,"column":2},"end":{"line":240,"column":3}},"83":{"start":{"line":220,"column":23},"end":{"line":220,"column":51}},"84":{"start":{"line":221,"column":23},"end":{"line":221,"column":32}},"85":{"start":{"line":222,"column":19},"end":{"line":222,"column":70}},"86":{"start":{"line":224,"column":4},"end":{"line":230,"column":5}},"87":{"start":{"line":225,"column":6},"end":{"line":229,"column":8}},"88":{"start":{"line":232,"column":21},"end":{"line":235,"column":13}},"89":{"start":{"line":237,"column":4},"end":{"line":237,"column":67}},"90":{"start":{"line":239,"column":4},"end":{"line":239,"column":14}},"91":{"start":{"line":246,"column":0},"end":{"line":255,"column":2}},"92":{"start":{"line":247,"column":2},"end":{"line":254,"column":3}},"93":{"start":{"line":248,"column":23},"end":{"line":248,"column":51}},"94":{"start":{"line":249,"column":21},"end":{"line":249,"column":63}},"95":{"start":{"line":250,"column":4},"end":{"line":250,"column":99}},"96":{"start":{"line":250,"column":19},"end":{"line":250,"column":99}},"97":{"start":{"line":251,"column":4},"end":{"line":251,"column":67}},"98":{"start":{"line":253,"column":4},"end":{"line":253,"column":14}}},"fnMap":{"0":{"name":"(anonymous_0)","decl":{"start":{"line":10,"column":25},"end":{"line":10,"column":26}},"loc":{"start":{"line":10,"column":39},"end":{"line":17,"column":1}},"line":10},"1":{"name":"resolveHospitalId","decl":{"start":{"line":24,"column":15},"end":{"line":24,"column":32}},"loc":{"start":{"line":24,"column":38},"end":{"line":29,"column":1}},"line":24},"2":{"name":"(anonymous_2)","decl":{"start":{"line":34,"column":19},"end":{"line":34,"column":20}},"loc":{"start":{"line":34,"column":45},"end":{"line":84,"column":1}},"line":34},"3":{"name":"(anonymous_3)","decl":{"start":{"line":89,"column":21},"end":{"line":89,"column":22}},"loc":{"start":{"line":89,"column":47},"end":{"line":105,"column":1}},"line":89},"4":{"name":"(anonymous_4)","decl":{"start":{"line":110,"column":23},"end":{"line":110,"column":24}},"loc":{"start":{"line":110,"column":49},"end":{"line":153,"column":1}},"line":110},"5":{"name":"(anonymous_5)","decl":{"start":{"line":158,"column":29},"end":{"line":158,"column":30}},"loc":{"start":{"line":158,"column":55},"end":{"line":175,"column":1}},"line":158},"6":{"name":"(anonymous_6)","decl":{"start":{"line":180,"column":26},"end":{"line":180,"column":27}},"loc":{"start":{"line":180,"column":52},"end":{"line":213,"column":1}},"line":180},"7":{"name":"(anonymous_7)","decl":{"start":{"line":218,"column":22},"end":{"line":218,"column":23}},"loc":{"start":{"line":218,"column":48},"end":{"line":241,"column":1}},"line":218},"8":{"name":"(anonymous_8)","decl":{"start":{"line":246,"column":22},"end":{"line":246,"column":23}},"loc":{"start":{"line":246,"column":48},"end":{"line":255,"column":1}},"line":246}},"branchMap":{"0":{"loc":{"start":{"line":12,"column":2},"end":{"line":15,"column":3}},"type":"if","locations":[{"start":{"line":12,"column":2},"end":{"line":15,"column":3}},{"start":{},"end":{}}],"line":12},"1":{"loc":{"start":{"line":25,"column":2},"end":{"line":25,"column":54}},"type":"if","locations":[{"start":{"line":25,"column":2},"end":{"line":25,"column":54}},{"start":{},"end":{}}],"line":25},"2":{"loc":{"start":{"line":28,"column":9},"end":{"line":28,"column":39}},"type":"binary-expr","locations":[{"start":{"line":28,"column":9},"end":{"line":28,"column":31}},{"start":{"line":28,"column":35},"end":{"line":28,"column":39}}],"line":28},"3":{"loc":{"start":{"line":38,"column":4},"end":{"line":40,"column":5}},"type":"if","locations":[{"start":{"line":38,"column":4},"end":{"line":40,"column":5}},{"start":{},"end":{}}],"line":38},"4":{"loc":{"start":{"line":76,"column":23},"end":{"line":76,"column":64}},"type":"binary-expr","locations":[{"start":{"line":76,"column":23},"end":{"line":76,"column":53}},{"start":{"line":76,"column":63},"end":{"line":76,"column":64}}],"line":76},"5":{"loc":{"start":{"line":77,"column":23},"end":{"line":77,"column":64}},"type":"binary-expr","locations":[{"start":{"line":77,"column":23},"end":{"line":77,"column":57}},{"start":{"line":77,"column":63},"end":{"line":77,"column":64}}],"line":77},"6":{"loc":{"start":{"line":78,"column":23},"end":{"line":78,"column":64}},"type":"binary-expr","locations":[{"start":{"line":78,"column":23},"end":{"line":78,"column":59}},{"start":{"line":78,"column":63},"end":{"line":78,"column":64}}],"line":78},"7":{"loc":{"start":{"line":94,"column":4},"end":{"line":94,"column":70}},"type":"if","locations":[{"start":{"line":94,"column":4},"end":{"line":94,"column":70}},{"start":{},"end":{}}],"line":94},"8":{"loc":{"start":{"line":111,"column":2},"end":{"line":111,"column":41}},"type":"if","locations":[{"start":{"line":111,"column":2},"end":{"line":111,"column":41}},{"start":{},"end":{}}],"line":111},"9":{"loc":{"start":{"line":117,"column":4},"end":{"line":119,"column":5}},"type":"if","locations":[{"start":{"line":117,"column":4},"end":{"line":119,"column":5}},{"start":{},"end":{}}],"line":117},"10":{"loc":{"start":{"line":133,"column":25},"end":{"line":133,"column":62}},"type":"binary-expr","locations":[{"start":{"line":133,"column":25},"end":{"line":133,"column":39}},{"start":{"line":133,"column":43},"end":{"line":133,"column":62}}],"line":133},"11":{"loc":{"start":{"line":137,"column":25},"end":{"line":137,"column":53}},"type":"binary-expr","locations":[{"start":{"line":137,"column":25},"end":{"line":137,"column":48}},{"start":{"line":137,"column":52},"end":{"line":137,"column":53}}],"line":137},"12":{"loc":{"start":{"line":143,"column":4},"end":{"line":143,"column":84}},"type":"if","locations":[{"start":{"line":143,"column":4},"end":{"line":143,"column":84}},{"start":{},"end":{}}],"line":143},"13":{"loc":{"start":{"line":168,"column":4},"end":{"line":170,"column":5}},"type":"if","locations":[{"start":{"line":168,"column":4},"end":{"line":170,"column":5}},{"start":{},"end":{}}],"line":168},"14":{"loc":{"start":{"line":183,"column":36},"end":{"line":183,"column":44}},"type":"default-arg","locations":[{"start":{"line":183,"column":43},"end":{"line":183,"column":44}}],"line":183},"15":{"loc":{"start":{"line":183,"column":46},"end":{"line":183,"column":56}},"type":"default-arg","locations":[{"start":{"line":183,"column":54},"end":{"line":183,"column":56}}],"line":183},"16":{"loc":{"start":{"line":185,"column":4},"end":{"line":185,"column":43}},"type":"if","locations":[{"start":{"line":185,"column":4},"end":{"line":185,"column":43}},{"start":{},"end":{}}],"line":185},"17":{"loc":{"start":{"line":186,"column":4},"end":{"line":186,"column":45}},"type":"if","locations":[{"start":{"line":186,"column":4},"end":{"line":186,"column":45}},{"start":{},"end":{}}],"line":186},"18":{"loc":{"start":{"line":187,"column":4},"end":{"line":193,"column":5}},"type":"if","locations":[{"start":{"line":187,"column":4},"end":{"line":193,"column":5}},{"start":{},"end":{}}],"line":187},"19":{"loc":{"start":{"line":224,"column":4},"end":{"line":230,"column":5}},"type":"if","locations":[{"start":{"line":224,"column":4},"end":{"line":230,"column":5}},{"start":{},"end":{}}],"line":224},"20":{"loc":{"start":{"line":250,"column":4},"end":{"line":250,"column":99}},"type":"if","locations":[{"start":{"line":250,"column":4},"end":{"line":250,"column":99}},{"start":{},"end":{}}],"line":250}},"s":{"0":1,"1":1,"2":1,"3":1,"4":1,"5":1,"6":1,"7":0,"8":0,"9":0,"10":0,"11":0,"12":0,"13":0,"14":0,"15":0,"16":1,"17":0,"18":0,"19":0,"20":0,"21":0,"22":0,"23":0,"24":0,"25":0,"26":0,"27":0,"28":1,"29":0,"30":0,"31":0,"32":0,"33":0,"34":0,"35":0,"36":0,"37":0,"38":1,"39":0,"40":0,"41":0,"42":0,"43":0,"44":0,"45":0,"46":0,"47":0,"48":0,"49":0,"50":0,"51":0,"52":0,"53":0,"54":0,"55":1,"56":0,"57":0,"58":0,"59":0,"60":0,"61":0,"62":0,"63":0,"64":1,"65":0,"66":0,"67":0,"68":0,"69":0,"70":0,"71":0,"72":0,"73":0,"74":0,"75":0,"76":0,"77":0,"78":0,"79":0,"80":0,"81":1,"82":0,"83":0,"84":0,"85":0,"86":0,"87":0,"88":0,"89":0,"90":0,"91":1,"92":0,"93":0,"94":0,"95":0,"96":0,"97":0,"98":0},"f":{"0":0,"1":0,"2":0,"3":0,"4":0,"5":0,"6":0,"7":0,"8":0},"b":{"0":[0,0],"1":[0,0],"2":[0,0],"3":[0,0],"4":[0,0],"5":[0,0],"6":[0,0],"7":[0,0],"8":[0,0],"9":[0,0],"10":[0,0],"11":[0,0],"12":[0,0],"13":[0,0],"14":[0],"15":[0],"16":[0,0],"17":[0,0],"18":[0,0],"19":[0,0],"20":[0,0]},"_coverageSchema":"1a1c01bbd47fc00a2c39e90264f33305004495a9","hash":"f7eb17b9ac4e0aa05cc23d7fd34769e20ef42863"}
,"C:\\Users\\GIGABYT\\Downloads\\healthcare-web-platform\\server\\src\\controllers\\appointmentController.js": {"path":"C:\\Users\\GIGABYT\\Downloads\\healthcare-web-platform\\server\\src\\controllers\\appointmentController.js","statementMap":{"0":{"start":{"line":2,"column":29},"end":{"line":2,"column":57}},"1":{"start":{"line":3,"column":56},"end":{"line":3,"column":88}},"2":{"start":{"line":4,"column":24},"end":{"line":4,"column":49}},"3":{"start":{"line":8,"column":25},"end":{"line":19,"column":1}},"4":{"start":{"line":9,"column":17},"end":{"line":9,"column":38}},"5":{"start":{"line":10,"column":2},"end":{"line":17,"column":3}},"6":{"start":{"line":11,"column":4},"end":{"line":15,"column":7}},"7":{"start":{"line":14,"column":42},"end":{"line":14,"column":75}},"8":{"start":{"line":16,"column":4},"end":{"line":16,"column":16}},"9":{"start":{"line":18,"column":2},"end":{"line":18,"column":15}},"10":{"start":{"line":28,"column":24},"end":{"line":95,"column":1}},"11":{"start":{"line":29,"column":2},"end":{"line":94,"column":3}},"12":{"start":{"line":30,"column":4},"end":{"line":30,"column":43}},"13":{"start":{"line":30,"column":36},"end":{"line":30,"column":43}},"14":{"start":{"line":32,"column":49},"end":{"line":32,"column":57}},"15":{"start":{"line":33,"column":23},"end":{"line":33,"column":34}},"16":{"start":{"line":34,"column":23},"end":{"line":34,"column":42}},"17":{"start":{"line":37,"column":19},"end":{"line":42,"column":6}},"18":{"start":{"line":44,"column":4},"end":{"line":49,"column":5}},"19":{"start":{"line":45,"column":6},"end":{"line":48,"column":9}},"20":{"start":{"line":52,"column":21},"end":{"line":52,"column":35}},"21":{"start":{"line":53,"column":4},"end":{"line":53,"column":37}},"22":{"start":{"line":55,"column":4},"end":{"line":57,"column":5}},"23":{"start":{"line":56,"column":6},"end":{"line":56,"column":106}},"24":{"start":{"line":59,"column":24},"end":{"line":66,"column":6}},"25":{"start":{"line":68,"column":4},"end":{"line":71,"column":7}},"26":{"start":{"line":74,"column":15},"end":{"line":74,"column":32}},"27":{"start":{"line":75,"column":4},"end":{"line":78,"column":5}},"28":{"start":{"line":76,"column":6},"end":{"line":76,"column":75}},"29":{"start":{"line":77,"column":6},"end":{"line":77,"column":71}},"30":{"start":{"line":80,"column":4},"end":{"line":84,"column":7}},"31":{"start":{"line":87,"column":4},"end":{"line":92,"column":5}},"32":{"start":{"line":88,"column":6},"end":{"line":91,"column":9}},"33":{"start":{"line":93,"column":4},"end":{"line":93,"column":14}},"34":{"start":{"line":102,"column":26},"end":{"line":120,"column":1}},"35":{"start":{"line":103,"column":2},"end":{"line":119,"column":3}},"36":{"start":{"line":104,"column":33},"end":{"line":104,"column":42}},"37":{"start":{"line":106,"column":19},"end":{"line":106,"column":45}},"38":{"start":{"line":107,"column":4},"end":{"line":107,"column":39}},"39":{"start":{"line":107,"column":16},"end":{"line":107,"column":39}},"40":{"start":{"line":108,"column":4},"end":{"line":108,"column":64}},"41":{"start":{"line":108,"column":29},"end":{"line":108,"column":64}},"42":{"start":{"line":110,"column":25},"end":{"line":114,"column":13}},"43":{"start":{"line":116,"column":4},"end":{"line":116,"column":71}},"44":{"start":{"line":118,"column":4},"end":{"line":118,"column":14}},"45":{"start":{"line":127,"column":23},"end":{"line":149,"column":1}},"46":{"start":{"line":128,"column":2},"end":{"line":148,"column":3}},"47":{"start":{"line":129,"column":21},"end":{"line":129,"column":30}},"48":{"start":{"line":131,"column":23},"end":{"line":131,"column":57}},"49":{"start":{"line":132,"column":4},"end":{"line":132,"column":39}},"50":{"start":{"line":133,"column":20},"end":{"line":133,"column":40}},"51":{"start":{"line":134,"column":4},"end":{"line":134,"column":43}},"52":{"start":{"line":136,"column":25},"end":{"line":143,"column":13}},"53":{"start":{"line":145,"column":4},"end":{"line":145,"column":71}},"54":{"start":{"line":147,"column":4},"end":{"line":147,"column":14}},"55":{"start":{"line":156,"column":26},"end":{"line":173,"column":1}},"56":{"start":{"line":157,"column":2},"end":{"line":172,"column":3}},"57":{"start":{"line":158,"column":18},"end":{"line":158,"column":28}},"58":{"start":{"line":159,"column":4},"end":{"line":159,"column":34}},"59":{"start":{"line":161,"column":25},"end":{"line":167,"column":13}},"60":{"start":{"line":169,"column":4},"end":{"line":169,"column":71}},"61":{"start":{"line":171,"column":4},"end":{"line":171,"column":14}},"62":{"start":{"line":180,"column":32},"end":{"line":252,"column":1}},"63":{"start":{"line":181,"column":2},"end":{"line":251,"column":3}},"64":{"start":{"line":182,"column":19},"end":{"line":182,"column":29}},"65":{"start":{"line":183,"column":62},"end":{"line":183,"column":70}},"66":{"start":{"line":184,"column":33},"end":{"line":184,"column":41}},"67":{"start":{"line":186,"column":24},"end":{"line":186,"column":54}},"68":{"start":{"line":187,"column":4},"end":{"line":189,"column":5}},"69":{"start":{"line":188,"column":6},"end":{"line":188,"column":89}},"70":{"start":{"line":195,"column":4},"end":{"line":210,"column":5}},"71":{"start":{"line":196,"column":17},"end":{"line":196,"column":34}},"72":{"start":{"line":197,"column":6},"end":{"line":204,"column":7}},"73":{"start":{"line":199,"column":8},"end":{"line":203,"column":11}},"74":{"start":{"line":205,"column":6},"end":{"line":209,"column":9}},"75":{"start":{"line":213,"column":4},"end":{"line":220,"column":5}},"76":{"start":{"line":214,"column":6},"end":{"line":216,"column":7}},"77":{"start":{"line":215,"column":8},"end":{"line":215,"column":83}},"78":{"start":{"line":217,"column":6},"end":{"line":219,"column":7}},"79":{"start":{"line":218,"column":8},"end":{"line":218,"column":107}},"80":{"start":{"line":222,"column":4},"end":{"line":226,"column":5}},"81":{"start":{"line":223,"column":6},"end":{"line":225,"column":7}},"82":{"start":{"line":224,"column":8},"end":{"line":224,"column":83}},"83":{"start":{"line":228,"column":4},"end":{"line":228,"column":32}},"84":{"start":{"line":229,"column":4},"end":{"line":229,"column":69}},"85":{"start":{"line":229,"column":26},"end":{"line":229,"column":69}},"86":{"start":{"line":230,"column":4},"end":{"line":230,"column":73}},"87":{"start":{"line":230,"column":26},"end":{"line":230,"column":73}},"88":{"start":{"line":231,"column":4},"end":{"line":233,"column":5}},"89":{"start":{"line":232,"column":6},"end":{"line":232,"column":78}},"90":{"start":{"line":235,"column":4},"end":{"line":235,"column":29}},"91":{"start":{"line":236,"column":4},"end":{"line":239,"column":7}},"92":{"start":{"line":242,"column":15},"end":{"line":242,"column":32}},"93":{"start":{"line":243,"column":4},"end":{"line":246,"column":5}},"94":{"start":{"line":244,"column":6},"end":{"line":244,"column":91}},"95":{"start":{"line":245,"column":6},"end":{"line":245,"column":91}},"96":{"start":{"line":248,"column":4},"end":{"line":248,"column":103}},"97":{"start":{"line":250,"column":4},"end":{"line":250,"column":14}},"98":{"start":{"line":259,"column":26},"end":{"line":284,"column":1}},"99":{"start":{"line":260,"column":2},"end":{"line":283,"column":3}},"100":{"start":{"line":261,"column":31},"end":{"line":261,"column":40}},"101":{"start":{"line":262,"column":4},"end":{"line":264,"column":5}},"102":{"start":{"line":263,"column":6},"end":{"line":263,"column":98}},"103":{"start":{"line":266,"column":23},"end":{"line":266,"column":37}},"104":{"start":{"line":267,"column":4},"end":{"line":267,"column":39}},"105":{"start":{"line":268,"column":20},"end":{"line":268,"column":40}},"106":{"start":{"line":269,"column":4},"end":{"line":269,"column":43}},"107":{"start":{"line":271,"column":19},"end":{"line":275,"column":32}},"108":{"start":{"line":277,"column":24},"end":{"line":277,"column":53}},"109":{"start":{"line":277,"column":42},"end":{"line":277,"column":52}},"110":{"start":{"line":278,"column":24},"end":{"line":278,"column":74}},"111":{"start":{"line":278,"column":49},"end":{"line":278,"column":73}},"112":{"start":{"line":280,"column":4},"end":{"line":280,"column":110}},"113":{"start":{"line":282,"column":4},"end":{"line":282,"column":14}},"114":{"start":{"line":286,"column":0},"end":{"line":293,"column":2}}},"fnMap":{"0":{"name":"(anonymous_0)","decl":{"start":{"line":8,"column":25},"end":{"line":8,"column":26}},"loc":{"start":{"line":8,"column":39},"end":{"line":19,"column":1}},"line":8},"1":{"name":"(anonymous_1)","decl":{"start":{"line":14,"column":34},"end":{"line":14,"column":35}},"loc":{"start":{"line":14,"column":42},"end":{"line":14,"column":75}},"line":14},"2":{"name":"(anonymous_2)","decl":{"start":{"line":28,"column":24},"end":{"line":28,"column":25}},"loc":{"start":{"line":28,"column":50},"end":{"line":95,"column":1}},"line":28},"3":{"name":"(anonymous_3)","decl":{"start":{"line":102,"column":26},"end":{"line":102,"column":27}},"loc":{"start":{"line":102,"column":52},"end":{"line":120,"column":1}},"line":102},"4":{"name":"(anonymous_4)","decl":{"start":{"line":127,"column":23},"end":{"line":127,"column":24}},"loc":{"start":{"line":127,"column":49},"end":{"line":149,"column":1}},"line":127},"5":{"name":"(anonymous_5)","decl":{"start":{"line":156,"column":26},"end":{"line":156,"column":27}},"loc":{"start":{"line":156,"column":52},"end":{"line":173,"column":1}},"line":156},"6":{"name":"(anonymous_6)","decl":{"start":{"line":180,"column":32},"end":{"line":180,"column":33}},"loc":{"start":{"line":180,"column":58},"end":{"line":252,"column":1}},"line":180},"7":{"name":"(anonymous_7)","decl":{"start":{"line":259,"column":26},"end":{"line":259,"column":27}},"loc":{"start":{"line":259,"column":52},"end":{"line":284,"column":1}},"line":259},"8":{"name":"(anonymous_8)","decl":{"start":{"line":277,"column":35},"end":{"line":277,"column":36}},"loc":{"start":{"line":277,"column":42},"end":{"line":277,"column":52}},"line":277},"9":{"name":"(anonymous_9)","decl":{"start":{"line":278,"column":42},"end":{"line":278,"column":43}},"loc":{"start":{"line":278,"column":49},"end":{"line":278,"column":73}},"line":278}},"branchMap":{"0":{"loc":{"start":{"line":10,"column":2},"end":{"line":17,"column":3}},"type":"if","locations":[{"start":{"line":10,"column":2},"end":{"line":17,"column":3}},{"start":{},"end":{}}],"line":10},"1":{"loc":{"start":{"line":30,"column":4},"end":{"line":30,"column":43}},"type":"if","locations":[{"start":{"line":30,"column":4},"end":{"line":30,"column":43}},{"start":{},"end":{}}],"line":30},"2":{"loc":{"start":{"line":44,"column":4},"end":{"line":49,"column":5}},"type":"if","locations":[{"start":{"line":44,"column":4},"end":{"line":49,"column":5}},{"start":{},"end":{}}],"line":44},"3":{"loc":{"start":{"line":55,"column":4},"end":{"line":57,"column":5}},"type":"if","locations":[{"start":{"line":55,"column":4},"end":{"line":57,"column":5}},{"start":{},"end":{}}],"line":55},"4":{"loc":{"start":{"line":75,"column":4},"end":{"line":78,"column":5}},"type":"if","locations":[{"start":{"line":75,"column":4},"end":{"line":78,"column":5}},{"start":{},"end":{}}],"line":75},"5":{"loc":{"start":{"line":87,"column":4},"end":{"line":92,"column":5}},"type":"if","locations":[{"start":{"line":87,"column":4},"end":{"line":92,"column":5}},{"start":{},"end":{}}],"line":87},"6":{"loc":{"start":{"line":107,"column":4},"end":{"line":107,"column":39}},"type":"if","locations":[{"start":{"line":107,"column":4},"end":{"line":107,"column":39}},{"start":{},"end":{}}],"line":107},"7":{"loc":{"start":{"line":108,"column":4},"end":{"line":108,"column":64}},"type":"if","locations":[{"start":{"line":108,"column":4},"end":{"line":108,"column":64}},{"start":{},"end":{}}],"line":108},"8":{"loc":{"start":{"line":131,"column":23},"end":{"line":131,"column":57}},"type":"cond-expr","locations":[{"start":{"line":131,"column":30},"end":{"line":131,"column":44}},{"start":{"line":131,"column":47},"end":{"line":131,"column":57}}],"line":131},"9":{"loc":{"start":{"line":187,"column":4},"end":{"line":189,"column":5}},"type":"if","locations":[{"start":{"line":187,"column":4},"end":{"line":189,"column":5}},{"start":{},"end":{}}],"line":187},"10":{"loc":{"start":{"line":195,"column":4},"end":{"line":210,"column":5}},"type":"if","locations":[{"start":{"line":195,"column":4},"end":{"line":210,"column":5}},{"start":{},"end":{}}],"line":195},"11":{"loc":{"start":{"line":195,"column":8},"end":{"line":195,"column":60}},"type":"binary-expr","locations":[{"start":{"line":195,"column":8},"end":{"line":195,"column":29}},{"start":{"line":195,"column":33},"end":{"line":195,"column":60}}],"line":195},"12":{"loc":{"start":{"line":197,"column":6},"end":{"line":204,"column":7}},"type":"if","locations":[{"start":{"line":197,"column":6},"end":{"line":204,"column":7}},{"start":{},"end":{}}],"line":197},"13":{"loc":{"start":{"line":213,"column":4},"end":{"line":220,"column":5}},"type":"if","locations":[{"start":{"line":213,"column":4},"end":{"line":220,"column":5}},{"start":{},"end":{}}],"line":213},"14":{"loc":{"start":{"line":214,"column":6},"end":{"line":216,"column":7}},"type":"if","locations":[{"start":{"line":214,"column":6},"end":{"line":216,"column":7}},{"start":{},"end":{}}],"line":214},"15":{"loc":{"start":{"line":217,"column":6},"end":{"line":219,"column":7}},"type":"if","locations":[{"start":{"line":217,"column":6},"end":{"line":219,"column":7}},{"start":{},"end":{}}],"line":217},"16":{"loc":{"start":{"line":222,"column":4},"end":{"line":226,"column":5}},"type":"if","locations":[{"start":{"line":222,"column":4},"end":{"line":226,"column":5}},{"start":{},"end":{}}],"line":222},"17":{"loc":{"start":{"line":223,"column":6},"end":{"line":225,"column":7}},"type":"if","locations":[{"start":{"line":223,"column":6},"end":{"line":225,"column":7}},{"start":{},"end":{}}],"line":223},"18":{"loc":{"start":{"line":229,"column":4},"end":{"line":229,"column":69}},"type":"if","locations":[{"start":{"line":229,"column":4},"end":{"line":229,"column":69}},{"start":{},"end":{}}],"line":229},"19":{"loc":{"start":{"line":230,"column":4},"end":{"line":230,"column":73}},"type":"if","locations":[{"start":{"line":230,"column":4},"end":{"line":230,"column":73}},{"start":{},"end":{}}],"line":230},"20":{"loc":{"start":{"line":231,"column":4},"end":{"line":233,"column":5}},"type":"if","locations":[{"start":{"line":231,"column":4},"end":{"line":233,"column":5}},{"start":{},"end":{}}],"line":231},"21":{"loc":{"start":{"line":232,"column":32},"end":{"line":232,"column":77}},"type":"cond-expr","locations":[{"start":{"line":232,"column":57},"end":{"line":232,"column":66}},{"start":{"line":232,"column":69},"end":{"line":232,"column":77}}],"line":232},"22":{"loc":{"start":{"line":243,"column":4},"end":{"line":246,"column":5}},"type":"if","locations":[{"start":{"line":243,"column":4},"end":{"line":246,"column":5}},{"start":{},"end":{}}],"line":243},"23":{"loc":{"start":{"line":262,"column":4},"end":{"line":264,"column":5}},"type":"if","locations":[{"start":{"line":262,"column":4},"end":{"line":264,"column":5}},{"start":{},"end":{}}],"line":262},"24":{"loc":{"start":{"line":262,"column":8},"end":{"line":262,"column":26}},"type":"binary-expr","locations":[{"start":{"line":262,"column":8},"end":{"line":262,"column":17}},{"start":{"line":262,"column":21},"end":{"line":262,"column":26}}],"line":262}},"s":{"0":1,"1":1,"2":1,"3":1,"4":0,"5":0,"6":0,"7":0,"8":0,"9":0,"10":1,"11":0,"12":0,"13":0,"14":0,"15":0,"16":0,"17":0,"18":0,"19":0,"20":0,"21":0,"22":0,"23":0,"24":0,"25":0,"26":0,"27":0,"28":0,"29":0,"30":0,"31":0,"32":0,"33":0,"34":1,"35":0,"36":0,"37":0,"38":0,"39":0,"40":0,"41":0,"42":0,"43":0,"44":0,"45":1,"46":0,"47":0,"48":0,"49":0,"50":0,"51":0,"52":0,"53":0,"54":0,"55":1,"56":0,"57":0,"58":0,"59":0,"60":0,"61":0,"62":1,"63":0,"64":0,"65":0,"66":0,"67":0,"68":0,"69":0,"70":0,"71":0,"72":0,"73":0,"74":0,"75":0,"76":0,"77":0,"78":0,"79":0,"80":0,"81":0,"82":0,"83":0,"84":0,"85":0,"86":0,"87":0,"88":0,"89":0,"90":0,"91":0,"92":0,"93":0,"94":0,"95":0,"96":0,"97":0,"98":1,"99":0,"100":0,"101":0,"102":0,"103":0,"104":0,"105":0,"106":0,"107":0,"108":0,"109":0,"110":0,"111":0,"112":0,"113":0,"114":1},"f":{"0":0,"1":0,"2":0,"3":0,"4":0,"5":0,"6":0,"7":0,"8":0,"9":0},"b":{"0":[0,0],"1":[0,0],"2":[0,0],"3":[0,0],"4":[0,0],"5":[0,0],"6":[0,0],"7":[0,0],"8":[0,0],"9":[0,0],"10":[0,0],"11":[0,0],"12":[0,0],"13":[0,0],"14":[0,0],"15":[0,0],"16":[0,0],"17":[0,0],"18":[0,0],"19":[0,0],"20":[0,0],"21":[0,0],"22":[0,0],"23":[0,0],"24":[0,0]},"_coverageSchema":"1a1c01bbd47fc00a2c39e90264f33305004495a9","hash":"d3f992bd40ddcc3f3a2e3417fbd2d957ecf668b0"}
,"C:\\Users\\GIGABYT\\Downloads\\healthcare-web-platform\\server\\src\\controllers\\authController.js": {"path":"C:\\Users\\GIGABYT\\Downloads\\healthcare-web-platform\\server\\src\\controllers\\authController.js","statementMap":{"0":{"start":{"line":2,"column":29},"end":{"line":2,"column":57}},"1":{"start":{"line":3,"column":20},"end":{"line":3,"column":54}},"2":{"start":{"line":4,"column":17},"end":{"line":4,"column":42}},"3":{"start":{"line":9,"column":25},"end":{"line":20,"column":1}},"4":{"start":{"line":10,"column":17},"end":{"line":10,"column":38}},"5":{"start":{"line":11,"column":2},"end":{"line":18,"column":3}},"6":{"start":{"line":12,"column":4},"end":{"line":16,"column":7}},"7":{"start":{"line":15,"column":42},"end":{"line":15,"column":75}},"8":{"start":{"line":17,"column":4},"end":{"line":17,"column":16}},"9":{"start":{"line":19,"column":2},"end":{"line":19,"column":15}},"10":{"start":{"line":29,"column":17},"end":{"line":41,"column":1}},"11":{"start":{"line":30,"column":2},"end":{"line":40,"column":3}},"12":{"start":{"line":31,"column":4},"end":{"line":31,"column":43}},"13":{"start":{"line":31,"column":36},"end":{"line":31,"column":43}},"14":{"start":{"line":32,"column":19},"end":{"line":32,"column":59}},"15":{"start":{"line":33,"column":4},"end":{"line":37,"column":7}},"16":{"start":{"line":39,"column":4},"end":{"line":39,"column":14}},"17":{"start":{"line":48,"column":14},"end":{"line":61,"column":1}},"18":{"start":{"line":49,"column":2},"end":{"line":60,"column":3}},"19":{"start":{"line":50,"column":4},"end":{"line":50,"column":43}},"20":{"start":{"line":50,"column":36},"end":{"line":50,"column":43}},"21":{"start":{"line":51,"column":32},"end":{"line":51,"column":40}},"22":{"start":{"line":52,"column":19},"end":{"line":52,"column":63}},"23":{"start":{"line":53,"column":4},"end":{"line":57,"column":7}},"24":{"start":{"line":59,"column":4},"end":{"line":59,"column":14}},"25":{"start":{"line":68,"column":21},"end":{"line":80,"column":1}},"26":{"start":{"line":69,"column":2},"end":{"line":79,"column":3}},"27":{"start":{"line":70,"column":36},"end":{"line":70,"column":44}},"28":{"start":{"line":71,"column":19},"end":{"line":71,"column":62}},"29":{"start":{"line":72,"column":4},"end":{"line":76,"column":7}},"30":{"start":{"line":78,"column":4},"end":{"line":78,"column":14}},"31":{"start":{"line":87,"column":15},"end":{"line":98,"column":1}},"32":{"start":{"line":88,"column":2},"end":{"line":97,"column":3}},"33":{"start":{"line":89,"column":36},"end":{"line":89,"column":44}},"34":{"start":{"line":90,"column":4},"end":{"line":90,"column":53}},"35":{"start":{"line":91,"column":4},"end":{"line":94,"column":7}},"36":{"start":{"line":96,"column":4},"end":{"line":96,"column":14}},"37":{"start":{"line":105,"column":14},"end":{"line":131,"column":1}},"38":{"start":{"line":106,"column":2},"end":{"line":130,"column":3}},"39":{"start":{"line":107,"column":17},"end":{"line":108,"column":81}},"40":{"start":{"line":110,"column":4},"end":{"line":112,"column":5}},"41":{"start":{"line":111,"column":6},"end":{"line":111,"column":82}},"42":{"start":{"line":114,"column":4},"end":{"line":127,"column":7}},"43":{"start":{"line":129,"column":4},"end":{"line":129,"column":14}},"44":{"start":{"line":133,"column":0},"end":{"line":133,"column":66}}},"fnMap":{"0":{"name":"(anonymous_0)","decl":{"start":{"line":9,"column":25},"end":{"line":9,"column":26}},"loc":{"start":{"line":9,"column":39},"end":{"line":20,"column":1}},"line":9},"1":{"name":"(anonymous_1)","decl":{"start":{"line":15,"column":34},"end":{"line":15,"column":35}},"loc":{"start":{"line":15,"column":42},"end":{"line":15,"column":75}},"line":15},"2":{"name":"(anonymous_2)","decl":{"start":{"line":29,"column":17},"end":{"line":29,"column":18}},"loc":{"start":{"line":29,"column":43},"end":{"line":41,"column":1}},"line":29},"3":{"name":"(anonymous_3)","decl":{"start":{"line":48,"column":14},"end":{"line":48,"column":15}},"loc":{"start":{"line":48,"column":40},"end":{"line":61,"column":1}},"line":48},"4":{"name":"(anonymous_4)","decl":{"start":{"line":68,"column":21},"end":{"line":68,"column":22}},"loc":{"start":{"line":68,"column":47},"end":{"line":80,"column":1}},"line":68},"5":{"name":"(anonymous_5)","decl":{"start":{"line":87,"column":15},"end":{"line":87,"column":16}},"loc":{"start":{"line":87,"column":41},"end":{"line":98,"column":1}},"line":87},"6":{"name":"(anonymous_6)","decl":{"start":{"line":105,"column":14},"end":{"line":105,"column":15}},"loc":{"start":{"line":105,"column":40},"end":{"line":131,"column":1}},"line":105}},"branchMap":{"0":{"loc":{"start":{"line":11,"column":2},"end":{"line":18,"column":3}},"type":"if","locations":[{"start":{"line":11,"column":2},"end":{"line":18,"column":3}},{"start":{},"end":{}}],"line":11},"1":{"loc":{"start":{"line":31,"column":4},"end":{"line":31,"column":43}},"type":"if","locations":[{"start":{"line":31,"column":4},"end":{"line":31,"column":43}},{"start":{},"end":{}}],"line":31},"2":{"loc":{"start":{"line":50,"column":4},"end":{"line":50,"column":43}},"type":"if","locations":[{"start":{"line":50,"column":4},"end":{"line":50,"column":43}},{"start":{},"end":{}}],"line":50},"3":{"loc":{"start":{"line":110,"column":4},"end":{"line":112,"column":5}},"type":"if","locations":[{"start":{"line":110,"column":4},"end":{"line":112,"column":5}},{"start":{},"end":{}}],"line":110}},"s":{"0":1,"1":1,"2":1,"3":1,"4":5,"5":5,"6":3,"7":11,"8":3,"9":2,"10":1,"11":4,"12":4,"13":3,"14":1,"15":0,"16":1,"17":1,"18":1,"19":1,"20":0,"21":1,"22":1,"23":0,"24":1,"25":1,"26":0,"27":0,"28":0,"29":0,"30":0,"31":1,"32":0,"33":0,"34":0,"35":0,"36":0,"37":1,"38":0,"39":0,"40":0,"41":0,"42":0,"43":0,"44":1},"f":{"0":5,"1":11,"2":4,"3":1,"4":0,"5":0,"6":0},"b":{"0":[3,2],"1":[3,1],"2":[0,1],"3":[0,0]},"_coverageSchema":"1a1c01bbd47fc00a2c39e90264f33305004495a9","hash":"e63b11547e5ce437ec405c6437305e4aba169c4c"}
,"C:\\Users\\GIGABYT\\Downloads\\healthcare-web-platform\\server\\src\\controllers\\healthRecordController.js": {"path":"C:\\Users\\GIGABYT\\Downloads\\healthcare-web-platform\\server\\src\\controllers\\healthRecordController.js","statementMap":{"0":{"start":{"line":2,"column":29},"end":{"line":2,"column":57}},"1":{"start":{"line":3,"column":39},"end":{"line":3,"column":72}},"2":{"start":{"line":4,"column":18},"end":{"line":4,"column":43}},"3":{"start":{"line":8,"column":25},"end":{"line":19,"column":1}},"4":{"start":{"line":9,"column":17},"end":{"line":9,"column":38}},"5":{"start":{"line":10,"column":2},"end":{"line":17,"column":3}},"6":{"start":{"line":11,"column":4},"end":{"line":15,"column":7}},"7":{"start":{"line":14,"column":42},"end":{"line":14,"column":75}},"8":{"start":{"line":16,"column":4},"end":{"line":16,"column":16}},"9":{"start":{"line":18,"column":2},"end":{"line":18,"column":15}},"10":{"start":{"line":28,"column":21},"end":{"line":60,"column":1}},"11":{"start":{"line":29,"column":2},"end":{"line":59,"column":3}},"12":{"start":{"line":30,"column":4},"end":{"line":30,"column":43}},"13":{"start":{"line":30,"column":36},"end":{"line":30,"column":43}},"14":{"start":{"line":32,"column":73},"end":{"line":32,"column":81}},"15":{"start":{"line":33,"column":49},"end":{"line":33,"column":57}},"16":{"start":{"line":36,"column":30},"end":{"line":36,"column":77}},"17":{"start":{"line":38,"column":4},"end":{"line":40,"column":5}},"18":{"start":{"line":39,"column":6},"end":{"line":39,"column":89}},"19":{"start":{"line":42,"column":19},"end":{"line":52,"column":6}},"20":{"start":{"line":54,"column":4},"end":{"line":54,"column":83}},"21":{"start":{"line":56,"column":4},"end":{"line":56,"column":100}},"22":{"start":{"line":58,"column":4},"end":{"line":58,"column":14}},"23":{"start":{"line":67,"column":21},"end":{"line":83,"column":1}},"24":{"start":{"line":68,"column":2},"end":{"line":82,"column":3}},"25":{"start":{"line":69,"column":21},"end":{"line":69,"column":30}},"26":{"start":{"line":70,"column":19},"end":{"line":70,"column":62}},"27":{"start":{"line":71,"column":4},"end":{"line":71,"column":33}},"28":{"start":{"line":71,"column":14},"end":{"line":71,"column":33}},"29":{"start":{"line":73,"column":20},"end":{"line":77,"column":13}},"30":{"start":{"line":79,"column":4},"end":{"line":79,"column":66}},"31":{"start":{"line":81,"column":4},"end":{"line":81,"column":14}},"32":{"start":{"line":90,"column":26},"end":{"line":107,"column":1}},"33":{"start":{"line":91,"column":2},"end":{"line":106,"column":3}},"34":{"start":{"line":92,"column":26},"end":{"line":92,"column":36}},"35":{"start":{"line":93,"column":26},"end":{"line":93,"column":35}},"36":{"start":{"line":95,"column":19},"end":{"line":95,"column":49}},"37":{"start":{"line":96,"column":4},"end":{"line":96,"column":33}},"38":{"start":{"line":96,"column":14},"end":{"line":96,"column":33}},"39":{"start":{"line":98,"column":20},"end":{"line":101,"column":13}},"40":{"start":{"line":103,"column":4},"end":{"line":103,"column":66}},"41":{"start":{"line":105,"column":4},"end":{"line":105,"column":14}},"42":{"start":{"line":114,"column":22},"end":{"line":137,"column":1}},"43":{"start":{"line":115,"column":2},"end":{"line":136,"column":3}},"44":{"start":{"line":116,"column":19},"end":{"line":119,"column":13}},"45":{"start":{"line":121,"column":4},"end":{"line":123,"column":5}},"46":{"start":{"line":122,"column":6},"end":{"line":122,"column":91}},"47":{"start":{"line":126,"column":4},"end":{"line":131,"column":5}},"48":{"start":{"line":130,"column":6},"end":{"line":130,"column":81}},"49":{"start":{"line":133,"column":4},"end":{"line":133,"column":65}},"50":{"start":{"line":135,"column":4},"end":{"line":135,"column":14}},"51":{"start":{"line":144,"column":21},"end":{"line":165,"column":1}},"52":{"start":{"line":145,"column":2},"end":{"line":164,"column":3}},"53":{"start":{"line":146,"column":19},"end":{"line":146,"column":61}},"54":{"start":{"line":147,"column":4},"end":{"line":149,"column":5}},"55":{"start":{"line":148,"column":6},"end":{"line":148,"column":91}},"56":{"start":{"line":151,"column":20},"end":{"line":151,"column":65}},"57":{"start":{"line":152,"column":20},"end":{"line":152,"column":85}},"58":{"start":{"line":154,"column":4},"end":{"line":156,"column":5}},"59":{"start":{"line":155,"column":6},"end":{"line":155,"column":81}},"60":{"start":{"line":158,"column":4},"end":{"line":158,"column":29}},"61":{"start":{"line":159,"column":4},"end":{"line":159,"column":24}},"62":{"start":{"line":161,"column":4},"end":{"line":161,"column":86}},"63":{"start":{"line":163,"column":4},"end":{"line":163,"column":14}},"64":{"start":{"line":167,"column":0},"end":{"line":167,"column":96}}},"fnMap":{"0":{"name":"(anonymous_0)","decl":{"start":{"line":8,"column":25},"end":{"line":8,"column":26}},"loc":{"start":{"line":8,"column":39},"end":{"line":19,"column":1}},"line":8},"1":{"name":"(anonymous_1)","decl":{"start":{"line":14,"column":34},"end":{"line":14,"column":35}},"loc":{"start":{"line":14,"column":42},"end":{"line":14,"column":75}},"line":14},"2":{"name":"(anonymous_2)","decl":{"start":{"line":28,"column":21},"end":{"line":28,"column":22}},"loc":{"start":{"line":28,"column":47},"end":{"line":60,"column":1}},"line":28},"3":{"name":"(anonymous_3)","decl":{"start":{"line":67,"column":21},"end":{"line":67,"column":22}},"loc":{"start":{"line":67,"column":47},"end":{"line":83,"column":1}},"line":67},"4":{"name":"(anonymous_4)","decl":{"start":{"line":90,"column":26},"end":{"line":90,"column":27}},"loc":{"start":{"line":90,"column":52},"end":{"line":107,"column":1}},"line":90},"5":{"name":"(anonymous_5)","decl":{"start":{"line":114,"column":22},"end":{"line":114,"column":23}},"loc":{"start":{"line":114,"column":48},"end":{"line":137,"column":1}},"line":114},"6":{"name":"(anonymous_6)","decl":{"start":{"line":144,"column":21},"end":{"line":144,"column":22}},"loc":{"start":{"line":144,"column":47},"end":{"line":165,"column":1}},"line":144}},"branchMap":{"0":{"loc":{"start":{"line":10,"column":2},"end":{"line":17,"column":3}},"type":"if","locations":[{"start":{"line":10,"column":2},"end":{"line":17,"column":3}},{"start":{},"end":{}}],"line":10},"1":{"loc":{"start":{"line":30,"column":4},"end":{"line":30,"column":43}},"type":"if","locations":[{"start":{"line":30,"column":4},"end":{"line":30,"column":43}},{"start":{},"end":{}}],"line":30},"2":{"loc":{"start":{"line":36,"column":30},"end":{"line":36,"column":77}},"type":"cond-expr","locations":[{"start":{"line":36,"column":55},"end":{"line":36,"column":65}},{"start":{"line":36,"column":68},"end":{"line":36,"column":77}}],"line":36},"3":{"loc":{"start":{"line":38,"column":4},"end":{"line":40,"column":5}},"type":"if","locations":[{"start":{"line":38,"column":4},"end":{"line":40,"column":5}},{"start":{},"end":{}}],"line":38},"4":{"loc":{"start":{"line":50,"column":13},"end":{"line":50,"column":46}},"type":"cond-expr","locations":[{"start":{"line":50,"column":20},"end":{"line":50,"column":34}},{"start":{"line":50,"column":37},"end":{"line":50,"column":46}}],"line":50},"5":{"loc":{"start":{"line":51,"column":13},"end":{"line":51,"column":23}},"type":"binary-expr","locations":[{"start":{"line":51,"column":13},"end":{"line":51,"column":17}},{"start":{"line":51,"column":21},"end":{"line":51,"column":23}}],"line":51},"6":{"loc":{"start":{"line":71,"column":4},"end":{"line":71,"column":33}},"type":"if","locations":[{"start":{"line":71,"column":4},"end":{"line":71,"column":33}},{"start":{},"end":{}}],"line":71},"7":{"loc":{"start":{"line":96,"column":4},"end":{"line":96,"column":33}},"type":"if","locations":[{"start":{"line":96,"column":4},"end":{"line":96,"column":33}},{"start":{},"end":{}}],"line":96},"8":{"loc":{"start":{"line":121,"column":4},"end":{"line":123,"column":5}},"type":"if","locations":[{"start":{"line":121,"column":4},"end":{"line":123,"column":5}},{"start":{},"end":{}}],"line":121},"9":{"loc":{"start":{"line":126,"column":4},"end":{"line":131,"column":5}},"type":"if","locations":[{"start":{"line":126,"column":4},"end":{"line":131,"column":5}},{"start":{},"end":{}}],"line":126},"10":{"loc":{"start":{"line":127,"column":6},"end":{"line":128,"column":49}},"type":"binary-expr","locations":[{"start":{"line":127,"column":6},"end":{"line":127,"column":37}},{"start":{"line":128,"column":6},"end":{"line":128,"column":49}}],"line":127},"11":{"loc":{"start":{"line":147,"column":4},"end":{"line":149,"column":5}},"type":"if","locations":[{"start":{"line":147,"column":4},"end":{"line":149,"column":5}},{"start":{},"end":{}}],"line":147},"12":{"loc":{"start":{"line":154,"column":4},"end":{"line":156,"column":5}},"type":"if","locations":[{"start":{"line":154,"column":4},"end":{"line":156,"column":5}},{"start":{},"end":{}}],"line":154},"13":{"loc":{"start":{"line":154,"column":8},"end":{"line":154,"column":28}},"type":"binary-expr","locations":[{"start":{"line":154,"column":8},"end":{"line":154,"column":16}},{"start":{"line":154,"column":20},"end":{"line":154,"column":28}}],"line":154}},"s":{"0":1,"1":1,"2":1,"3":1,"4":0,"5":0,"6":0,"7":0,"8":0,"9":0,"10":1,"11":0,"12":0,"13":0,"14":0,"15":0,"16":0,"17":0,"18":0,"19":0,"20":0,"21":0,"22":0,"23":1,"24":0,"25":0,"26":0,"27":0,"28":0,"29":0,"30":0,"31":0,"32":1,"33":0,"34":0,"35":0,"36":0,"37":0,"38":0,"39":0,"40":0,"41":0,"42":1,"43":0,"44":0,"45":0,"46":0,"47":0,"48":0,"49":0,"50":0,"51":1,"52":0,"53":0,"54":0,"55":0,"56":0,"57":0,"58":0,"59":0,"60":0,"61":0,"62":0,"63":0,"64":1},"f":{"0":0,"1":0,"2":0,"3":0,"4":0,"5":0,"6":0},"b":{"0":[0,0],"1":[0,0],"2":[0,0],"3":[0,0],"4":[0,0],"5":[0,0],"6":[0,0],"7":[0,0],"8":[0,0],"9":[0,0],"10":[0,0],"11":[0,0],"12":[0,0],"13":[0,0]},"_coverageSchema":"1a1c01bbd47fc00a2c39e90264f33305004495a9","hash":"1049c641a69927233ecb21abd86743a61ce01f1f"}
,"C:\\Users\\GIGABYT\\Downloads\\healthcare-web-platform\\server\\src\\middleware\\authMiddleware.js": {"path":"C:\\Users\\GIGABYT\\Downloads\\healthcare-web-platform\\server\\src\\middleware\\authMiddleware.js","statementMap":{"0":{"start":{"line":2,"column":12},"end":{"line":2,"column":35}},"1":{"start":{"line":3,"column":17},"end":{"line":3,"column":42}},"2":{"start":{"line":12,"column":16},"end":{"line":73,"column":1}},"3":{"start":{"line":13,"column":2},"end":{"line":72,"column":3}},"4":{"start":{"line":14,"column":23},"end":{"line":14,"column":48}},"5":{"start":{"line":16,"column":4},"end":{"line":21,"column":5}},"6":{"start":{"line":17,"column":6},"end":{"line":20,"column":9}},"7":{"start":{"line":23,"column":18},"end":{"line":23,"column":42}},"8":{"start":{"line":27,"column":4},"end":{"line":35,"column":5}},"9":{"start":{"line":28,"column":6},"end":{"line":28,"column":58}},"10":{"start":{"line":31,"column":8},"end":{"line":33,"column":49}},"11":{"start":{"line":34,"column":6},"end":{"line":34,"column":63}},"12":{"start":{"line":38,"column":17},"end":{"line":38,"column":77}},"13":{"start":{"line":39,"column":4},"end":{"line":44,"column":5}},"14":{"start":{"line":40,"column":6},"end":{"line":43,"column":9}},"15":{"start":{"line":47,"column":4},"end":{"line":52,"column":5}},"16":{"start":{"line":48,"column":6},"end":{"line":51,"column":9}},"17":{"start":{"line":55,"column":4},"end":{"line":60,"column":5}},"18":{"start":{"line":56,"column":6},"end":{"line":59,"column":9}},"19":{"start":{"line":63,"column":4},"end":{"line":67,"column":6}},"20":{"start":{"line":69,"column":4},"end":{"line":69,"column":11}},"21":{"start":{"line":71,"column":4},"end":{"line":71,"column":14}},"22":{"start":{"line":83,"column":18},"end":{"line":91,"column":1}},"23":{"start":{"line":83,"column":32},"end":{"line":91,"column":1}},"24":{"start":{"line":84,"column":2},"end":{"line":89,"column":3}},"25":{"start":{"line":85,"column":4},"end":{"line":88,"column":7}},"26":{"start":{"line":90,"column":2},"end":{"line":90,"column":9}},"27":{"start":{"line":103,"column":20},"end":{"line":123,"column":1}},"28":{"start":{"line":105,"column":2},"end":{"line":105,"column":53}},"29":{"start":{"line":105,"column":39},"end":{"line":105,"column":53}},"30":{"start":{"line":108,"column":4},"end":{"line":110,"column":24}},"31":{"start":{"line":113,"column":2},"end":{"line":113,"column":32}},"32":{"start":{"line":113,"column":18},"end":{"line":113,"column":32}},"33":{"start":{"line":115,"column":2},"end":{"line":120,"column":3}},"34":{"start":{"line":116,"column":4},"end":{"line":119,"column":7}},"35":{"start":{"line":122,"column":2},"end":{"line":122,"column":9}},"36":{"start":{"line":125,"column":0},"end":{"line":125,"column":53}}},"fnMap":{"0":{"name":"(anonymous_0)","decl":{"start":{"line":12,"column":16},"end":{"line":12,"column":17}},"loc":{"start":{"line":12,"column":42},"end":{"line":73,"column":1}},"line":12},"1":{"name":"(anonymous_1)","decl":{"start":{"line":83,"column":18},"end":{"line":83,"column":19}},"loc":{"start":{"line":83,"column":32},"end":{"line":91,"column":1}},"line":83},"2":{"name":"(anonymous_2)","decl":{"start":{"line":83,"column":32},"end":{"line":83,"column":33}},"loc":{"start":{"line":83,"column":52},"end":{"line":91,"column":1}},"line":83},"3":{"name":"(anonymous_3)","decl":{"start":{"line":103,"column":20},"end":{"line":103,"column":21}},"loc":{"start":{"line":103,"column":40},"end":{"line":123,"column":1}},"line":103}},"branchMap":{"0":{"loc":{"start":{"line":16,"column":4},"end":{"line":21,"column":5}},"type":"if","locations":[{"start":{"line":16,"column":4},"end":{"line":21,"column":5}},{"start":{},"end":{}}],"line":16},"1":{"loc":{"start":{"line":16,"column":8},"end":{"line":16,"column":56}},"type":"binary-expr","locations":[{"start":{"line":16,"column":8},"end":{"line":16,"column":19}},{"start":{"line":16,"column":23},"end":{"line":16,"column":56}}],"line":16},"2":{"loc":{"start":{"line":31,"column":8},"end":{"line":33,"column":49}},"type":"cond-expr","locations":[{"start":{"line":32,"column":12},"end":{"line":32,"column":60}},{"start":{"line":33,"column":12},"end":{"line":33,"column":49}}],"line":31},"3":{"loc":{"start":{"line":39,"column":4},"end":{"line":44,"column":5}},"type":"if","locations":[{"start":{"line":39,"column":4},"end":{"line":44,"column":5}},{"start":{},"end":{}}],"line":39},"4":{"loc":{"start":{"line":47,"column":4},"end":{"line":52,"column":5}},"type":"if","locations":[{"start":{"line":47,"column":4},"end":{"line":52,"column":5}},{"start":{},"end":{}}],"line":47},"5":{"loc":{"start":{"line":55,"column":4},"end":{"line":60,"column":5}},"type":"if","locations":[{"start":{"line":55,"column":4},"end":{"line":60,"column":5}},{"start":{},"end":{}}],"line":55},"6":{"loc":{"start":{"line":66,"column":18},"end":{"line":66,"column":69}},"type":"cond-expr","locations":[{"start":{"line":66,"column":36},"end":{"line":66,"column":62}},{"start":{"line":66,"column":65},"end":{"line":66,"column":69}}],"line":66},"7":{"loc":{"start":{"line":84,"column":2},"end":{"line":89,"column":3}},"type":"if","locations":[{"start":{"line":84,"column":2},"end":{"line":89,"column":3}},{"start":{},"end":{}}],"line":84},"8":{"loc":{"start":{"line":105,"column":2},"end":{"line":105,"column":53}},"type":"if","locations":[{"start":{"line":105,"column":2},"end":{"line":105,"column":53}},{"start":{},"end":{}}],"line":105},"9":{"loc":{"start":{"line":108,"column":4},"end":{"line":110,"column":24}},"type":"binary-expr","locations":[{"start":{"line":108,"column":4},"end":{"line":108,"column":25}},{"start":{"line":109,"column":4},"end":{"line":109,"column":23}},{"start":{"line":110,"column":4},"end":{"line":110,"column":24}}],"line":108},"10":{"loc":{"start":{"line":113,"column":2},"end":{"line":113,"column":32}},"type":"if","locations":[{"start":{"line":113,"column":2},"end":{"line":113,"column":32}},{"start":{},"end":{}}],"line":113},"11":{"loc":{"start":{"line":115,"column":2},"end":{"line":120,"column":3}},"type":"if","locations":[{"start":{"line":115,"column":2},"end":{"line":120,"column":3}},{"start":{},"end":{}}],"line":115}},"s":{"0":1,"1":1,"2":1,"3":4,"4":4,"5":4,"6":4,"7":0,"8":0,"9":0,"10":0,"11":0,"12":0,"13":0,"14":0,"15":0,"16":0,"17":0,"18":0,"19":0,"20":0,"21":0,"22":1,"23":17,"24":0,"25":0,"26":0,"27":1,"28":0,"29":0,"30":0,"31":0,"32":0,"33":0,"34":0,"35":0,"36":1},"f":{"0":4,"1":17,"2":0,"3":0},"b":{"0":[4,0],"1":[4,0],"2":[0,0],"3":[0,0],"4":[0,0],"5":[0,0],"6":[0,0],"7":[0,0],"8":[0,0],"9":[0,0,0],"10":[0,0],"11":[0,0]},"_coverageSchema":"1a1c01bbd47fc00a2c39e90264f33305004495a9","hash":"163c87942304fe54e302e3916bf85b32d827f0bf"}
,"C:\\Users\\GIGABYT\\Downloads\\healthcare-web-platform\\server\\src\\middleware\\errorMiddleware.js": {"path":"C:\\Users\\GIGABYT\\Downloads\\healthcare-web-platform\\server\\src\\middleware\\errorMiddleware.js","statementMap":{"0":{"start":{"line":7,"column":17},"end":{"line":11,"column":1}},"1":{"start":{"line":8,"column":14},"end":{"line":8,"column":76}},"2":{"start":{"line":9,"column":2},"end":{"line":9,"column":23}},"3":{"start":{"line":10,"column":2},"end":{"line":10,"column":12}},"4":{"start":{"line":21,"column":21},"end":{"line":80,"column":1}},"5":{"start":{"line":22,"column":19},"end":{"line":22,"column":54}},"6":{"start":{"line":23,"column":19},"end":{"line":23,"column":57}},"7":{"start":{"line":24,"column":19},"end":{"line":24,"column":23}},"8":{"start":{"line":27,"column":2},"end":{"line":30,"column":3}},"9":{"start":{"line":28,"column":4},"end":{"line":28,"column":21}},"10":{"start":{"line":29,"column":4},"end":{"line":29,"column":71}},"11":{"start":{"line":33,"column":2},"end":{"line":38,"column":3}},"12":{"start":{"line":34,"column":4},"end":{"line":34,"column":22}},"13":{"start":{"line":35,"column":18},"end":{"line":35,"column":63}},"14":{"start":{"line":36,"column":18},"end":{"line":36,"column":39}},"15":{"start":{"line":37,"column":4},"end":{"line":37,"column":69}},"16":{"start":{"line":41,"column":2},"end":{"line":48,"column":3}},"17":{"start":{"line":42,"column":4},"end":{"line":42,"column":21}},"18":{"start":{"line":43,"column":4},"end":{"line":46,"column":8}},"19":{"start":{"line":43,"column":55},"end":{"line":46,"column":5}},"20":{"start":{"line":47,"column":4},"end":{"line":47,"column":72}},"21":{"start":{"line":52,"column":2},"end":{"line":55,"column":3}},"22":{"start":{"line":53,"column":4},"end":{"line":53,"column":21}},"23":{"start":{"line":54,"column":4},"end":{"line":54,"column":130}},"24":{"start":{"line":58,"column":2},"end":{"line":61,"column":3}},"25":{"start":{"line":59,"column":4},"end":{"line":59,"column":21}},"26":{"start":{"line":60,"column":4},"end":{"line":60,"column":49}},"27":{"start":{"line":63,"column":2},"end":{"line":66,"column":3}},"28":{"start":{"line":64,"column":4},"end":{"line":64,"column":21}},"29":{"start":{"line":65,"column":4},"end":{"line":65,"column":82}},"30":{"start":{"line":69,"column":2},"end":{"line":72,"column":3}},"31":{"start":{"line":70,"column":4},"end":{"line":70,"column":58}},"32":{"start":{"line":71,"column":4},"end":{"line":71,"column":52}},"33":{"start":{"line":71,"column":27},"end":{"line":71,"column":52}},"34":{"start":{"line":74,"column":2},"end":{"line":79,"column":5}},"35":{"start":{"line":82,"column":0},"end":{"line":82,"column":44}}},"fnMap":{"0":{"name":"(anonymous_0)","decl":{"start":{"line":7,"column":17},"end":{"line":7,"column":18}},"loc":{"start":{"line":7,"column":37},"end":{"line":11,"column":1}},"line":7},"1":{"name":"(anonymous_1)","decl":{"start":{"line":21,"column":21},"end":{"line":21,"column":22}},"loc":{"start":{"line":21,"column":46},"end":{"line":80,"column":1}},"line":21},"2":{"name":"(anonymous_2)","decl":{"start":{"line":43,"column":47},"end":{"line":43,"column":48}},"loc":{"start":{"line":43,"column":55},"end":{"line":46,"column":5}},"line":43}},"branchMap":{"0":{"loc":{"start":{"line":22,"column":19},"end":{"line":22,"column":54}},"type":"binary-expr","locations":[{"start":{"line":22,"column":19},"end":{"line":22,"column":33}},{"start":{"line":22,"column":37},"end":{"line":22,"column":47}},{"start":{"line":22,"column":51},"end":{"line":22,"column":54}}],"line":22},"1":{"loc":{"start":{"line":23,"column":19},"end":{"line":23,"column":57}},"type":"binary-expr","locations":[{"start":{"line":23,"column":19},"end":{"line":23,"column":30}},{"start":{"line":23,"column":34},"end":{"line":23,"column":57}}],"line":23},"2":{"loc":{"start":{"line":27,"column":2},"end":{"line":30,"column":3}},"type":"if","locations":[{"start":{"line":27,"column":2},"end":{"line":30,"column":3}},{"start":{},"end":{}}],"line":27},"3":{"loc":{"start":{"line":33,"column":2},"end":{"line":38,"column":3}},"type":"if","locations":[{"start":{"line":33,"column":2},"end":{"line":38,"column":3}},{"start":{},"end":{}}],"line":33},"4":{"loc":{"start":{"line":35,"column":18},"end":{"line":35,"column":63}},"type":"binary-expr","locations":[{"start":{"line":35,"column":18},"end":{"line":35,"column":52}},{"start":{"line":35,"column":56},"end":{"line":35,"column":63}}],"line":35},"5":{"loc":{"start":{"line":35,"column":30},"end":{"line":35,"column":48}},"type":"binary-expr","locations":[{"start":{"line":35,"column":30},"end":{"line":35,"column":42}},{"start":{"line":35,"column":46},"end":{"line":35,"column":48}}],"line":35},"6":{"loc":{"start":{"line":41,"column":2},"end":{"line":48,"column":3}},"type":"if","locations":[{"start":{"line":41,"column":2},"end":{"line":48,"column":3}},{"start":{},"end":{}}],"line":41},"7":{"loc":{"start":{"line":52,"column":2},"end":{"line":55,"column":3}},"type":"if","locations":[{"start":{"line":52,"column":2},"end":{"line":55,"column":3}},{"start":{},"end":{}}],"line":52},"8":{"loc":{"start":{"line":58,"column":2},"end":{"line":61,"column":3}},"type":"if","locations":[{"start":{"line":58,"column":2},"end":{"line":61,"column":3}},{"start":{},"end":{}}],"line":58},"9":{"loc":{"start":{"line":63,"column":2},"end":{"line":66,"column":3}},"type":"if","locations":[{"start":{"line":63,"column":2},"end":{"line":66,"column":3}},{"start":{},"end":{}}],"line":63},"10":{"loc":{"start":{"line":69,"column":2},"end":{"line":72,"column":3}},"type":"if","locations":[{"start":{"line":69,"column":2},"end":{"line":72,"column":3}},{"start":{},"end":{}}],"line":69},"11":{"loc":{"start":{"line":71,"column":4},"end":{"line":71,"column":52}},"type":"if","locations":[{"start":{"line":71,"column":4},"end":{"line":71,"column":52}},{"start":{},"end":{}}],"line":71},"12":{"loc":{"start":{"line":77,"column":8},"end":{"line":77,"column":58}},"type":"binary-expr","locations":[{"start":{"line":77,"column":8},"end":{"line":77,"column":14}},{"start":{"line":77,"column":48},"end":{"line":77,"column":58}}],"line":77},"13":{"loc":{"start":{"line":78,"column":8},"end":{"line":78,"column":70}},"type":"binary-expr","locations":[{"start":{"line":78,"column":8},"end":{"line":78,"column":46}},{"start":{"line":78,"column":50},"end":{"line":78,"column":70}}],"line":78}},"s":{"0":1,"1":1,"2":1,"3":1,"4":1,"5":3,"6":3,"7":3,"8":3,"9":0,"10":0,"11":3,"12":0,"13":0,"14":0,"15":0,"16":3,"17":0,"18":0,"19":0,"20":0,"21":3,"22":0,"23":0,"24":3,"25":0,"26":0,"27":3,"28":0,"29":0,"30":3,"31":0,"32":0,"33":0,"34":3,"35":1},"f":{"0":1,"1":3,"2":0},"b":{"0":[3,0,0],"1":[3,0],"2":[0,3],"3":[0,3],"4":[0,0],"5":[0,0],"6":[0,3],"7":[0,3],"8":[0,3],"9":[0,3],"10":[0,3],"11":[0,0],"12":[3,0],"13":[3,0]},"_coverageSchema":"1a1c01bbd47fc00a2c39e90264f33305004495a9","hash":"ae49f151de3c4297efa088c44e5340a29d788747"}
,"C:\\Users\\GIGABYT\\Downloads\\healthcare-web-platform\\server\\src\\models\\AmbulanceRequest.js": {"path":"C:\\Users\\GIGABYT\\Downloads\\healthcare-web-platform\\server\\src\\models\\AmbulanceRequest.js","statementMap":{"0":{"start":{"line":2,"column":17},"end":{"line":2,"column":36}},"1":{"start":{"line":4,"column":31},"end":{"line":33,"column":1}},"2":{"start":{"line":35,"column":25},"end":{"line":35,"column":83}},"3":{"start":{"line":36,"column":0},"end":{"line":36,"column":34}}},"fnMap":{},"branchMap":{},"s":{"0":1,"1":1,"2":1,"3":1},"f":{},"b":{},"_coverageSchema":"1a1c01bbd47fc00a2c39e90264f33305004495a9","hash":"1e210aad2dbd4471f6295a3d66689b027c9a27b2"}
[...]
umn":2},"end":{"line":89,"column":30}},"25":{"start":{"line":81,"column":25},"end":{"line":81,"column":33}},"26":{"start":{"line":82,"column":21},"end":{"line":86,"column":5}},"27":{"start":{"line":87,"column":4},"end":{"line":87,"column":99}},"28":{"start":{"line":87,"column":19},"end":{"line":87,"column":99}},"29":{"start":{"line":88,"column":4},"end":{"line":88,"column":67}},"30":{"start":{"line":89,"column":18},"end":{"line":89,"column":28}},"31":{"start":{"line":96,"column":0},"end":{"line":106,"column":3}},"32":{"start":{"line":97,"column":2},"end":{"line":105,"column":30}},"33":{"start":{"line":98,"column":35},"end":{"line":98,"column":44}},"34":{"start":{"line":99,"column":18},"end":{"line":103,"column":13}},"35":{"start":{"line":104,"column":4},"end":{"line":104,"column":64}},"36":{"start":{"line":105,"column":18},"end":{"line":105,"column":28}},"37":{"start":{"line":112,"column":0},"end":{"line":122,"column":3}},"38":{"start":{"line":113,"column":2},"end":{"line":121,"column":30}},"39":{"start":{"line":114,"column":17},"end":{"line":118,"column":5}},"40":{"start":{"line":119,"column":4},"end":{"line":119,"column":91}},"41":{"start":{"line":119,"column":15},"end":{"line":119,"column":91}},"42":{"start":{"line":120,"column":4},"end":{"line":120,"column":138}},"43":{"start":{"line":121,"column":18},"end":{"line":121,"column":28}},"44":{"start":{"line":128,"column":0},"end":{"line":139,"column":3}},"45":{"start":{"line":129,"column":2},"end":{"line":138,"column":30}},"46":{"start":{"line":130,"column":59},"end":{"line":130,"column":67}},"47":{"start":{"line":131,"column":17},"end":{"line":135,"column":5}},"48":{"start":{"line":136,"column":4},"end":{"line":136,"column":91}},"49":{"start":{"line":136,"column":15},"end":{"line":136,"column":91}},"50":{"start":{"line":137,"column":4},"end":{"line":137,"column":138}},"51":{"start":{"line":138,"column":18},"end":{"line":138,"column":28}},"52":{"start":{"line":141,"column":0},"end":{"line":141,"column":24}}},"fnMap":{"0":{"name":"(anonymous_0)","decl":{"start":{"line":17,"column":25},"end":{"line":17,"column":26}},"loc":{"start":{"line":17,"column":51},"end":{"line":22,"column":1}},"line":17},"1":{"name":"(anonymous_1)","decl":{"start":{"line":28,"column":21},"end":{"line":28,"column":22}},"loc":{"start":{"line":28,"column":47},"end":{"line":73,"column":1}},"line":28},"2":{"name":"(anonymous_2)","decl":{"start":{"line":79,"column":38},"end":{"line":79,"column":39}},"loc":{"start":{"line":79,"column":64},"end":{"line":90,"column":1}},"line":79},"3":{"name":"(anonymous_3)","decl":{"start":{"line":96,"column":29},"end":{"line":96,"column":30}},"loc":{"start":{"line":96,"column":55},"end":{"line":106,"column":1}},"line":96},"4":{"name":"(anonymous_4)","decl":{"start":{"line":112,"column":47},"end":{"line":112,"column":48}},"loc":{"start":{"line":112,"column":73},"end":{"line":122,"column":1}},"line":112},"5":{"name":"(anonymous_5)","decl":{"start":{"line":128,"column":46},"end":{"line":128,"column":47}},"loc":{"start":{"line":128,"column":72},"end":{"line":139,"column":1}},"line":128}},"branchMap":{"0":{"loc":{"start":{"line":87,"column":4},"end":{"line":87,"column":99}},"type":"if","locations":[{"start":{"line":87,"column":4},"end":{"line":87,"column":99}},{"start":{},"end":{}}],"line":87},"1":{"loc":{"start":{"line":98,"column":12},"end":{"line":98,"column":30}},"type":"default-arg","locations":[{"start":{"line":98,"column":21},"end":{"line":98,"column":30}}],"line":98},"2":{"loc":{"start":{"line":119,"column":4},"end":{"line":119,"column":91}},"type":"if","locations":[{"start":{"line":119,"column":4},"end":{"line":119,"column":91}},{"start":{},"end":{}}],"line":119},"3":{"loc":{"start":{"line":130,"column":12},"end":{"line":130,"column":54}},"type":"default-arg","locations":[{"start":{"line":130,"column":21},"end":{"line":130,"column":54}}],"line":130},"4":{"loc":{"start":{"line":136,"column":4},"end":{"line":136,"column":91}},"type":"if","locations":[{"start":{"line":136,"column":4},"end":{"line":136,"column":91}},{"start":{},"end":{}}],"line":136}},"s":{"0":1,"1":1,"2":1,"3":1,"4":1,"5":1,"6":1,"7":1,"8":0,"9":0,"10":0,"11":0,"12":1,"13":0,"14":0,"15":0,"16":0,"17":0,"18":0,"19":0,"20":0,"21":0,"22":0,"23":1,"24":0,"25":0,"26":0,"27":0,"28":0,"29":0,"30":0,"31":1,"32":0,"33":0,"34":0,"35":0,"36":0,"37":1,"38":0,"39":0,"40":0,"41":0,"42":0,"43":0,"44":1,"45":0,"46":0,"47":0,"48":0,"49":0,"50":0,"51":0,"52":1},"f":{"0":0,"1":0,"2":0,"3":0,"4":0,"5":0},"b":{"0":[0,0],"1":[0],"2":[0,0],"3":[0],"4":[0,0]},"_coverageSchema":"1a1c01bbd47fc00a2c39e90264f33305004495a9","hash":"9e3804cb0d5c22ffbf990d9ffb3f5656068ba5fd"}
,"C:\\Users\\GIGABYT\\Downloads\\healthcare-web-platform\\server\\src\\services\\authService.js": {"path":"C:\\Users\\GIGABYT\\Downloads\\healthcare-web-platform\\server\\src\\services\\authService.js","statementMap":{"0":{"start":{"line":2,"column":12},"end":{"line":2,"column":35}},"1":{"start":{"line":3,"column":24},"end":{"line":3,"column":49}},"2":{"start":{"line":4,"column":17},"end":{"line":4,"column":46}},"3":{"start":{"line":12,"column":28},"end":{"line":21,"column":3}},"4":{"start":{"line":13,"column":2},"end":{"line":21,"column":3}},"5":{"start":{"line":27,"column":29},"end":{"line":32,"column":3}},"6":{"start":{"line":28,"column":2},"end":{"line":32,"column":3}},"7":{"start":{"line":46,"column":21},"end":{"line":118,"column":1}},"8":{"start":{"line":47,"column":59},"end":{"line":47,"column":63}},"9":{"start":{"line":49,"column":2},"end":{"line":53,"column":3}},"10":{"start":{"line":50,"column":16},"end":{"line":50,"column":95}},"11":{"start":{"line":51,"column":4},"end":{"line":51,"column":25}},"12":{"start":{"line":52,"column":4},"end":{"line":52,"column":14}},"13":{"start":{"line":56,"column":19},"end":{"line":56,"column":48}},"14":{"start":{"line":57,"column":2},"end":{"line":61,"column":3}},"15":{"start":{"line":58,"column":16},"end":{"line":58,"column":71}},"16":{"start":{"line":59,"column":4},"end":{"line":59,"column":25}},"17":{"start":{"line":60,"column":4},"end":{"line":60,"column":14}},"18":{"start":{"line":64,"column":19},"end":{"line":64,"column":23}},"19":{"start":{"line":66,"column":2},"end":{"line":85,"column":3}},"20":{"start":{"line":67,"column":4},"end":{"line":71,"column":5}},"21":{"start":{"line":68,"column":18},"end":{"line":68,"column":95}},"22":{"start":{"line":69,"column":6},"end":{"line":69,"column":27}},"23":{"start":{"line":70,"column":6},"end":{"line":70,"column":16}},"24":{"start":{"line":73,"column":21},"end":{"line":76,"column":6}},"25":{"start":{"line":78,"column":4},"end":{"line":82,"column":5}},"26":{"start":{"line":79,"column":18},"end":{"line":79,"column":121}},"27":{"start":{"line":80,"column":6},"end":{"line":80,"column":27}},"28":{"start":{"line":81,"column":6},"end":{"line":81,"column":16}},"29":{"start":{"line":84,"column":4},"end":{"line":84,"column":30}},"30":{"start":{"line":88,"column":19},"end":{"line":88,"column":40}},"31":{"start":{"line":89,"column":15},"end":{"line":102,"column":4}},"32":{"start":{"line":105,"column":23},"end":{"line":105,"column":80}},"33":{"start":{"line":106,"column":23},"end":{"line":106,"column":53}},"34":{"start":{"line":108,"column":2},"end":{"line":111,"column":5}},"35":{"start":{"line":113,"column":2},"end":{"line":117,"column":4}},"36":{"start":{"line":126,"column":18},"end":{"line":179,"column":1}},"37":{"start":{"line":128,"column":2},"end":{"line":137,"column":3}},"38":{"start":{"line":130,"column":4},"end":{"line":130,"column":99}},"39":{"start":{"line":134,"column":16},"end":{"line":134,"column":89}},"40":{"start":{"line":135,"column":4},"end":{"line":135,"column":25}},"41":{"start":{"line":136,"column":4},"end":{"line":136,"column":14}},"42":{"start":{"line":139,"column":2},"end":{"line":143,"column":3}},"43":{"start":{"line":140,"column":16},"end":{"line":140,"column":55}},"44":{"start":{"line":141,"column":4},"end":{"line":141,"column":25}},"45":{"start":{"line":142,"column":4},"end":{"line":142,"column":14}},"46":{"start":{"line":145,"column":2},"end":{"line":149,"column":3}},"47":{"start":{"line":146,"column":16},"end":{"line":146,"column":91}},"48":{"start":{"line":147,"column":4},"end":{"line":147,"column":25}},"49":{"start":{"line":148,"column":4},"end":{"line":148,"column":14}},"50":{"start":{"line":151,"column":2},"end":{"line":155,"column":3}},"51":{"start":{"line":152,"column":16},"end":{"line":152,"column":122}},"52":{"start":{"line":153,"column":4},"end":{"line":153,"column":25}},"53":{"start":{"line":154,"column":4},"end":{"line":154,"column":14}},"54":{"start":{"line":157,"column":2},"end":{"line":161,"column":3}},"55":{"start":{"line":158,"column":16},"end":{"line":158,"column":127}},"56":{"start":{"line":159,"column":4},"end":{"line":159,"column":25}},"57":{"start":{"line":160,"column":4},"end":{"line":160,"column":14}},"58":{"start":{"line":163,"column":23},"end":{"line":163,"column":80}},"59":{"start":{"line":164,"column":23},"end":{"line":164,"column":53}},"60":{"start":{"line":167,"column":24},"end":{"line":167,"column":79}},"61":{"start":{"line":169,"column":2},"end":{"line":172,"column":5}},"62":{"start":{"line":174,"column":2},"end":{"line":178,"column":4}},"63":{"start":{"line":186,"column":27},"end":{"line":223,"column":1}},"64":{"start":{"line":187,"column":2},"end":{"line":191,"column":3}},"65":{"start":{"line":188,"column":16},"end":{"line":188,"column":55}},"66":{"start":{"line":189,"column":4},"end":{"line":189,"column":25}},"67":{"start":{"line":190,"column":4},"end":{"line":190,"column":14}},"68":{"start":{"line":194,"column":2},"end":{"line":200,"column":3}},"69":{"start":{"line":195,"column":4},"end":{"line":195,"column":71}},"70":{"start":{"line":197,"column":16},"end":{"line":197,"column":83}},"71":{"start":{"line":198,"column":4},"end":{"line":198,"column":25}},"72":{"start":{"line":199,"column":4},"end":{"line":199,"column":14}},"73":{"start":{"line":202,"column":15},"end":{"line":202,"column":71}},"74":{"start":{"line":204,"column":2},"end":{"line":212,"column":3}},"75":{"start":{"line":206,"column":4},"end":{"line":208,"column":5}},"76":{"start":{"line":207,"column":6},"end":{"line":207,"column":70}},"77":{"start":{"line":209,"column":16},"end":{"line":209,"column":128}},"78":{"start":{"line":210,"column":4},"end":{"line":210,"column":25}},"79":{"start":{"line":211,"column":4},"end":{"line":211,"column":14}},"80":{"start":{"line":215,"column":26},"end":{"line":215,"column":56}},"81":{"start":{"line":216,"column":26},"end":{"line":216,"column":83}},"82":{"start":{"line":218,"column":24},"end":{"line":218,"column":76}},"83":{"start":{"line":218,"column":57},"end":{"line":218,"column":75}},"84":{"start":{"line":219,"column":2},"end":{"line":219,"column":38}},"85":{"start":{"line":220,"column":2},"end":{"line":220,"column":75}},"86":{"start":{"line":222,"column":2},"end":{"line":222,"column":72}},"87":{"start":{"line":231,"column":19},"end":{"line":237,"column":1}},"88":{"start":{"line":232,"column":2},"end":{"line":236,"column":3}},"89":{"start":{"line":233,"column":4},"end":{"line":235,"column":7}},"90":{"start":{"line":242,"column":18},"end":{"line":251,"column":2}},"91":{"start":{"line":242,"column":29},"end":{"line":251,"column":1}},"92":{"start":{"line":253,"column":0},"end":{"line":258,"column":2}}},"fnMap":{"0":{"name":"(anonymous_0)","decl":{"start":{"line":12,"column":28},"end":{"line":12,"column":29}},"loc":{"start":{"line":13,"column":2},"end":{"line":21,"column":3}},"line":13},"1":{"name":"(anonymous_1)","decl":{"start":{"line":27,"column":29},"end":{"line":27,"column":30}},"loc":{"start":{"line":28,"column":2},"end":{"line":32,"column":3}},"line":28},"2":{"name":"(anonymous_2)","decl":{"start":{"line":46,"column":21},"end":{"line":46,"column":22}},"loc":{"start":{"line":46,"column":37},"end":{"line":118,"column":1}},"line":46},"3":{"name":"(anonymous_3)","decl":{"start":{"line":126,"column":18},"end":{"line":126,"column":19}},"loc":{"start":{"line":126,"column":45},"end":{"line":179,"column":1}},"line":126},"4":{"name":"(anonymous_4)","decl":{"start":{"line":186,"column":27},"end":{"line":186,"column":28}},"loc":{"start":{"line":186,"column":51},"end":{"line":223,"column":1}},"line":186},"5":{"name":"(anonymous_5)","decl":{"start":{"line":218,"column":50},"end":{"line":218,"column":51}},"loc":{"start":{"line":218,"column":57},"end":{"line":218,"column":75}},"line":218},"6":{"name":"(anonymous_6)","decl":{"start":{"line":231,"column":19},"end":{"line":231,"column":20}},"loc":{"start":{"line":231,"column":51},"end":{"line":237,"column":1}},"line":231},"7":{"name":"(anonymous_7)","decl":{"start":{"line":242,"column":18},"end":{"line":242,"column":19}},"loc":{"start":{"line":242,"column":29},"end":{"line":251,"column":1}},"line":242}},"branchMap":{"0":{"loc":{"start":{"line":17,"column":18},"end":{"line":17,"column":59}},"type":"cond-expr","locations":[{"start":{"line":17,"column":31},"end":{"line":17,"column":52}},{"start":{"line":17,"column":55},"end":{"line":17,"column":59}}],"line":17},"1":{"loc":{"start":{"line":20,"column":17},"end":{"line":20,"column":52}},"type":"binary-expr","locations":[{"start":{"line":20,"column":17},"end":{"line":20,"column":43}},{"start":{"line":20,"column":47},"end":{"line":20,"column":52}}],"line":20},"2":{"loc":{"start":{"line":31,"column":17},"end":{"line":31,"column":59}},"type":"binary-expr","locations":[{"start":{"line":31,"column":17},"end":{"line":31,"column":51}},{"start":{"line":31,"column":55},"end":{"line":31,"column":59}}],"line":31},"3":{"loc":{"start":{"line":49,"column":2},"end":{"line":53,"column":3}},"type":"if","locations":[{"start":{"line":49,"column":2},"end":{"line":53,"column":3}},{"start":{},"end":{}}],"line":49},"4":{"loc":{"start":{"line":49,"column":6},"end":{"line":49,"column":65}},"type":"binary-expr","locations":[{"start":{"line":49,"column":6},"end":{"line":49,"column":32}},{"start":{"line":49,"column":36},"end":{"line":49,"column":65}}],"line":49},"5":{"loc":{"start":{"line":57,"column":2},"end":{"line":61,"column":3}},"type":"if","locations":[{"start":{"line":57,"column":2},"end":{"line":61,"column":3}},{"start":{},"end":{}}],"line":57},"6":{"loc":{"start":{"line":66,"column":2},"end":{"line":85,"column":3}},"type":"if","locations":[{"start":{"line":66,"column":2},"end":{"line":85,"column":3}},{"start":{},"end":{}}],"line":66},"7":{"loc":{"start":{"line":67,"column":4},"end":{"line":71,"column":5}},"type":"if","locations":[{"start":{"line":67,"column":4},"end":{"line":71,"column":5}},{"start":{},"end":{}}],"line":67},"8":{"loc":{"start":{"line":78,"column":4},"end":{"line":82,"column":5}},"type":"if","locations":[{"start":{"line":78,"column":4},"end":{"line":82,"column":5}},{"start":{},"end":{}}],"line":78},"9":{"loc":{"start":{"line":92,"column":18},"end":{"line":92,"column":39}},"type":"binary-expr","locations":[{"start":{"line":92,"column":18},"end":{"line":92,"column":22}},{"start":{"line":92,"column":26},"end":{"line":92,"column":39}}],"line":92},"10":{"loc":{"start":{"line":97,"column":24},"end":{"line":97,"column":57}},"type":"cond-expr","locations":[{"start":{"line":97,"column":35},"end":{"line":97,"column":44}},{"start":{"line":97,"column":47},"end":{"line":97,"column":57}}],"line":97},"11":{"loc":{"start":{"line":99,"column":18},"end":{"line":99,"column":39}},"type":"binary-expr","locations":[{"start":{"line":99,"column":18},"end":{"line":99,"column":33}},{"start":{"line":99,"column":37},"end":{"line":99,"column":39}}],"line":99},"12":{"loc":{"start":{"line":100,"column":18},"end":{"line":100,"column":39}},"type":"binary-expr","locations":[{"start":{"line":100,"column":18},"end":{"line":100,"column":32}},{"start":{"line":100,"column":37},"end":{"line":100,"column":39}}],"line":100},"13":{"loc":{"start":{"line":139,"column":2},"end":{"line":143,"column":3}},"type":"if","locations":[{"start":{"line":139,"column":2},"end":{"line":143,"column":3}},{"start":{},"end":{}}],"line":139},"14":{"loc":{"start":{"line":139,"column":6},"end":{"line":139,"column":54}},"type":"binary-expr","locations":[{"start":{"line":139,"column":6},"end":{"line":139,"column":11}},{"start":{"line":139,"column":15},"end":{"line":139,"column":54}}],"line":139},"15":{"loc":{"start":{"line":145,"column":2},"end":{"line":149,"column":3}},"type":"if","locations":[{"start":{"line":145,"column":2},"end":{"line":149,"column":3}},{"start":{},"end":{}}],"line":145},"16":{"loc":{"start":{"line":151,"column":2},"end":{"line":155,"column":3}},"type":"if","locations":[{"start":{"line":151,"column":2},"end":{"line":155,"column":3}},{"start":{},"end":{}}],"line":151},"17":{"loc":{"start":{"line":151,"column":6},"end":{"line":151,"column":73}},"type":"binary-expr","locations":[{"start":{"line":151,"column":6},"end":{"line":151,"column":32}},{"start":{"line":151,"column":36},"end":{"line":151,"column":73}}],"line":151},"18":{"loc":{"start":{"line":157,"column":2},"end":{"line":161,"column":3}},"type":"if","locations":[{"start":{"line":157,"column":2},"end":{"line":161,"column":3}},{"start":{},"end":{}}],"line":157},"19":{"loc":{"start":{"line":157,"column":6},"end":{"line":157,"column":74}},"type":"binary-expr","locations":[{"start":{"line":157,"column":6},"end":{"line":157,"column":32}},{"start":{"line":157,"column":36},"end":{"line":157,"column":74}}],"line":157},"20":{"loc":{"start":{"line":158,"column":69},"end":{"line":158,"column":124}},"type":"binary-expr","locations":[{"start":{"line":158,"column":69},"end":{"line":158,"column":90}},{"start":{"line":158,"column":94},"end":{"line":158,"column":124}}],"line":158},"21":{"loc":{"start":{"line":167,"column":29},"end":{"line":167,"column":53}},"type":"binary-expr","locations":[{"start":{"line":167,"column":29},"end":{"line":167,"column":47}},{"start":{"line":167,"column":51},"end":{"line":167,"column":53}}],"line":167},"22":{"loc":{"start":{"line":187,"column":2},"end":{"line":191,"column":3}},"type":"if","locations":[{"start":{"line":187,"column":2},"end":{"line":191,"column":3}},{"start":{},"end":{}}],"line":187},"23":{"loc":{"start":{"line":204,"column":2},"end":{"line":212,"column":3}},"type":"if","locations":[{"start":{"line":204,"column":2},"end":{"line":212,"column":3}},{"start":{},"end":{}}],"line":204},"24":{"loc":{"start":{"line":204,"column":6},"end":{"line":204,"column":57}},"type":"binary-expr","locations":[{"start":{"line":204,"column":6},"end":{"line":204,"column":11}},{"start":{"line":204,"column":15},"end":{"line":204,"column":57}}],"line":204},"25":{"loc":{"start":{"line":206,"column":4},"end":{"line":208,"column":5}},"type":"if","locations":[{"start":{"line":206,"column":4},"end":{"line":208,"column":5}},{"start":{},"end":{}}],"line":206},"26":{"loc":{"start":{"line":232,"column":2},"end":{"line":236,"column":3}},"type":"if","locations":[{"start":{"line":232,"column":2},"end":{"line":236,"column":3}},{"start":{},"end":{}}],"line":232}},"s":{"0":1,"1":1,"2":1,"3":1,"4":0,"5":1,"6":0,"7":1,"8":1,"9":1,"10":0,"11":0,"12":0,"13":1,"14":1,"15":0,"16":0,"17":0,"18":1,"19":1,"20":1,"21":0,"22":0,"23":0,"24":1,"25":1,"26":1,"27":1,"28":1,"29":0,"30":0,"31":0,"32":0,"33":0,"34":0,"35":0,"36":1,"37":1,"38":1,"39":0,"40":0,"41":0,"42":1,"43":1,"44":1,"45":1,"46":0,"47":0,"48":0,"49":0,"50":0,"51":0,"52":0,"53":0,"54":0,"55":0,"56":0,"57":0,"58":0,"59":0,"60":0,"61":0,"62":0,"63":1,"64":0,"65":0,"66":0,"67":0,"68":0,"69":0,"70":0,"71":0,"72":0,"73":0,"74":0,"75":0,"76":0,"77":0,"78":0,"79":0,"80":0,"81":0,"82":0,"83":0,"84":0,"85":0,"86":0,"87":1,"88":0,"89":0,"90":1,"91":0,"92":1},"f":{"0":0,"1":0,"2":1,"3":1,"4":0,"5":0,"6":0,"7":0},"b":{"0":[0,0],"1":[0,0],"2":[0,0],"3":[0,1],"4":[1,1],"5":[0,1],"6":[1,0],"7":[0,1],"8":[1,0],"9":[0,0],"10":[0,0],"11":[0,0],"12":[0,0],"13":[1,0],"14":[1,0],"15":[0,0],"16":[0,0],"17":[0,0],"18":[0,0],"19":[0,0],"20":[0,0],"21":[0,0],"22":[0,0],"23":[0,0],"24":[0,0],"25":[0,0],"26":[0,0]},"_coverageSchema":"1a1c01bbd47fc00a2c39e90264f33305004495a9","hash":"44ee5c7ae49076a09ee89ed89c9f88450b6cf3bb"}
}
