TN:
SF:src\app.js
FN:52,(anonymous_0)
FN:61,(anonymous_1)
FN:69,(anonymous_2)
FN:78,(anonymous_3)
FN:84,(anonymous_4)
FN:88,(anonymous_5)
FN:114,(anonymous_6)
FN:133,(anonymous_7)
FN:136,(anonymous_8)
FN:164,(anonymous_9)
FN:175,(anonymous_10)
FN:177,(anonymous_11)
FN:182,(anonymous_12)
FN:185,(anonymous_13)
FN:186,(anonymous_14)
FN:188,(anonymous_15)
FN:190,(anonymous_16)
FN:193,(anonymous_17)
FNF:18
FNH:1
FNDA:0,(anonymous_0)
FNDA:0,(anonymous_1)
FNDA:0,(anonymous_2)
FNDA:0,(anonymous_3)
FNDA:0,(anonymous_4)
FNDA:0,(anonymous_5)
FNDA:0,(anonymous_6)
FNDA:0,(anonymous_7)
FNDA:1,(anonymous_8)
FNDA:0,(anonymous_9)
FNDA:0,(anonymous_10)
FNDA:0,(anonymous_11)
FNDA:0,(anonymous_12)
FNDA:0,(anonymous_13)
FNDA:0,(anonymous_14)
FNDA:0,(anonymous_15)
FNDA:0,(anonymous_16)
FNDA:0,(anonymous_17)
DA:2,1
DA:4,1
DA:5,0
DA:6,0
DA:7,0
DA:11,1
DA:12,1
DA:13,1
DA:14,1
DA:15,1
DA:16,1
DA:17,1
DA:18,1
DA:19,1
DA:20,1
DA:21,1
DA:22,1
DA:23,1
DA:24,1
DA:25,1
DA:26,1
DA:27,1
DA:30,1
DA:33,1
DA:34,1
DA:37,1
DA:46,1
DA:52,1
DA:53,0
DA:54,0
DA:55,0
DA:57,0
DA:58,0
DA:61,1
DA:62,0
DA:69,0
DA:70,0
DA:71,0
DA:72,0
DA:78,0
DA:79,0
DA:80,0
DA:81,0
DA:84,0
DA:85,0
DA:88,0
DA:89,0
DA:94,1
DA:100,1
DA:109,1
DA:110,1
DA:114,1
DA:115,0
DA:119,0
DA:133,1
DA:136,1
DA:137,1
DA:148,1
DA:149,1
DA:150,1
DA:151,1
DA:152,1
DA:153,1
DA:154,1
DA:157,1
DA:158,1
DA:161,1
DA:163,1
DA:164,0
DA:165,0
DA:166,0
DA:167,0
DA:168,0
DA:169,0
DA:170,0
DA:175,1
DA:176,0
DA:177,0
DA:178,0
DA:179,0
DA:182,0
DA:185,1
DA:186,1
DA:188,1
DA:189,0
DA:190,0
DA:193,1
DA:194,0
DA:195,0
DA:198,1
LF:90
LH:51
BRDA:4,0,0,0
BRDA:4,0,1,1
BRDA:7,1,0,0
BRDA:7,1,1,0
BRDA:39,2,0,1
BRDA:39,2,1,0
BRDA:54,3,0,0
BRDA:54,3,1,0
BRDA:70,4,0,0
BRDA:70,4,1,0
BRDA:79,5,0,0
BRDA:79,5,1,0
BRDA:102,6,0,1
BRDA:102,6,1,0
BRDA:143,7,0,1
BRDA:143,7,1,0
BRDA:161,8,0,1
BRDA:161,8,1,0
BRDA:163,9,0,0
BRDA:163,9,1,1
BRDA:166,10,0,0
BRDA:166,10,1,0
BRF:22
BRH:6
end_of_record
TN:
SF:src\config\db.js
FN:12,(anonymous_0)
FN:54,(anonymous_1)
FNF:2
FNH:2
FNDA:1,(anonymous_0)
FNDA:1,(anonymous_1)
DA:1,1
DA:2,0
DA:3,0
DA:4,0
DA:7,1
DA:9,1
DA:10,1
DA:12,1
DA:13,1
DA:14,1
DA:18,1
DA:19,1
DA:21,0
DA:22,0
DA:24,0
DA:25,0
DA:26,0
DA:27,0
DA:28,0
DA:29,0
DA:30,0
DA:31,0
DA:32,0
DA:33,0
DA:37,0
DA:41,0
DA:42,0
DA:43,0
DA:45,0
DA:46,0
DA:54,1
DA:56,1
DA:57,1
LF:33
LH:12
BRDA:1,0,0,0
BRDA:1,0,1,1
BRDA:4,1,0,0
BRDA:4,1,1,0
BRDA:24,2,0,0
BRDA:24,2,1,0
BRDA:24,3,0,0
BRDA:24,3,1,0
BRDA:37,4,0,0
BRDA:37,4,1,0
BRDA:41,5,0,0
BRDA:41,5,1,0
BRF:12
BRH:1
end_of_record
TN:
SF:src\config\swagger.js
FNF:0
FNH:0
DA:2,1
DA:4,1
DA:525,1
DA:527,1
LF:4
LH:4
BRF:0
BRH:0
end_of_record
TN:
SF:src\controllers\adminController.js
FN:10,(anonymous_0)
FN:24,resolveHospitalId
FN:34,(anonymous_2)
FN:89,(anonymous_3)
FN:110,(anonymous_4)
FN:158,(anonymous_5)
FN:180,(anonymous_6)
FN:218,(anonymous_7)
FN:246,(anonymous_8)
FNF:9
FNH:0
FNDA:0,(anonymous_0)
FNDA:0,resolveHospitalId
FNDA:0,(anonymous_2)
FNDA:0,(anonymous_3)
FNDA:0,(anonymous_4)
FNDA:0,(anonymous_5)
FNDA:0,(anonymous_6)
FNDA:0,(anonymous_7)
FNDA:0,(anonymous_8)
DA:2,1
DA:3,1
DA:4,1
DA:5,1
DA:6,1
DA:7,1
DA:10,1
DA:11,0
DA:12,0
DA:13,0
DA:14,0
DA:16,0
DA:25,0
DA:27,0
DA:28,0
DA:34,1
DA:35,0
DA:36,0
DA:38,0
DA:39,0
DA:42,0
DA:43,0
DA:54,0
DA:65,0
DA:82,0
DA:89,1
DA:90,0
DA:91,0
DA:92,0
DA:93,0
DA:94,0
DA:96,0
DA:101,0
DA:103,0
DA:110,1
DA:111,0
DA:112,0
DA:113,0
DA:114,0
DA:116,0
DA:117,0
DA:118,0
DA:121,0
DA:122,0
DA:124,0
DA:142,0
DA:143,0
DA:145,0
DA:151,0
DA:158,1
DA:159,0
DA:160,0
DA:161,0
DA:162,0
DA:168,0
DA:169,0
DA:171,0
DA:173,0
DA:180,1
DA:181,0
DA:182,0
DA:183,0
DA:184,0
DA:185,0
DA:186,0
DA:187,0
DA:188,0
DA:189,0
DA:195,0
DA:196,0
DA:197,0
DA:205,0
DA:211,0
DA:218,1
DA:219,0
DA:220,0
DA:221,0
DA:222,0
DA:224,0
DA:225,0
DA:232,0
DA:237,0
DA:239,0
DA:246,1
DA:247,0
DA:248,0
DA:249,0
DA:250,0
DA:251,0
DA:253,0
LF:90
LH:14
BRDA:12,0,0,0
BRDA:12,0,1,0
BRDA:25,1,0,0
BRDA:25,1,1,0
BRDA:28,2,0,0
BRDA:28,2,1,0
BRDA:38,3,0,0
BRDA:38,3,1,0
BRDA:76,4,0,0
BRDA:76,4,1,0
BRDA:77,5,0,0
BRDA:77,5,1,0
BRDA:78,6,0,0
BRDA:78,6,1,0
BRDA:94,7,0,0
BRDA:94,7,1,0
BRDA:111,8,0,0
BRDA:111,8,1,0
BRDA:117,9,0,0
BRDA:117,9,1,0
BRDA:133,10,0,0
BRDA:133,10,1,0
BRDA:137,11,0,0
BRDA:137,11,1,0
BRDA:143,12,0,0
BRDA:143,12,1,0
BRDA:168,13,0,0
BRDA:168,13,1,0
BRDA:183,14,0,0
BRDA:183,15,0,0
BRDA:185,16,0,0
BRDA:185,16,1,0
BRDA:186,17,0,0
BRDA:186,17,1,0
BRDA:187,18,0,0
BRDA:187,18,1,0
BRDA:224,19,0,0
BRDA:224,19,1,0
BRDA:250,20,0,0
BRDA:250,20,1,0
BRF:40
BRH:0
end_of_record
TN:
SF:src\controllers\appointmentController.js
FN:8,(anonymous_0)
FN:14,(anonymous_1)
FN:28,(anonymous_2)
FN:102,(anonymous_3)
FN:127,(anonymous_4)
FN:156,(anonymous_5)
FN:180,(anonymous_6)
FN:259,(anonymous_7)
FN:277,(anonymous_8)
FN:278,(anonymous_9)
FNF:10
FNH:0
FNDA:0,(anonymous_0)
FNDA:0,(anonymous_1)
FNDA:0,(anonymous_2)
FNDA:0,(anonymous_3)
FNDA:0,(anonymous_4)
FNDA:0,(anonymous_5)
FNDA:0,(anonymous_6)
FNDA:0,(anonymous_7)
FNDA:0,(anonymous_8)
FNDA:0,(anonymous_9)
DA:2,1
DA:3,1
DA:4,1
DA:8,1
DA:9,0
DA:10,0
DA:11,0
DA:14,0
DA:16,0
DA:18,0
DA:28,1
DA:29,0
DA:30,0
DA:32,0
DA:33,0
DA:34,0
DA:37,0
DA:44,0
DA:45,0
DA:52,0
DA:53,0
DA:55,0
DA:56,0
DA:59,0
DA:68,0
DA:74,0
DA:75,0
DA:76,0
DA:77,0
DA:80,0
DA:87,0
DA:88,0
DA:93,0
DA:102,1
DA:103,0
DA:104,0
DA:106,0
DA:107,0
DA:108,0
DA:110,0
DA:116,0
DA:118,0
DA:127,1
DA:128,0
DA:129,0
DA:131,0
DA:132,0
DA:133,0
DA:134,0
DA:136,0
DA:145,0
DA:147,0
DA:156,1
DA:157,0
DA:158,0
DA:159,0
DA:161,0
DA:169,0
DA:171,0
DA:180,1
DA:181,0
DA:182,0
DA:183,0
DA:184,0
DA:186,0
DA:187,0
DA:188,0
DA:195,0
DA:196,0
DA:197,0
DA:199,0
DA:205,0
DA:213,0
DA:214,0
DA:215,0
DA:217,0
DA:218,0
DA:222,0
DA:223,0
DA:224,0
DA:228,0
DA:229,0
DA:230,0
DA:231,0
DA:232,0
DA:235,0
DA:236,0
DA:242,0
DA:243,0
DA:244,0
DA:245,0
DA:248,0
DA:250,0
DA:259,1
DA:260,0
DA:261,0
DA:262,0
DA:263,0
DA:266,0
DA:267,0
DA:268,0
DA:269,0
DA:271,0
DA:277,0
DA:278,0
DA:280,0
DA:282,0
DA:286,1
LF:108
LH:11
BRDA:10,0,0,0
BRDA:10,0,1,0
BRDA:30,1,0,0
BRDA:30,1,1,0
BRDA:44,2,0,0
BRDA:44,2,1,0
BRDA:55,3,0,0
BRDA:55,3,1,0
BRDA:75,4,0,0
BRDA:75,4,1,0
BRDA:87,5,0,0
BRDA:87,5,1,0
BRDA:107,6,0,0
BRDA:107,6,1,0
BRDA:108,7,0,0
BRDA:108,7,1,0
BRDA:131,8,0,0
BRDA:131,8,1,0
BRDA:187,9,0,0
BRDA:187,9,1,0
BRDA:195,10,0,0
BRDA:195,10,1,0
BRDA:195,11,0,0
BRDA:195,11,1,0
BRDA:197,12,0,0
BRDA:197,12,1,0
BRDA:213,13,0,0
BRDA:213,13,1,0
BRDA:214,14,0,0
BRDA:214,14,1,0
BRDA:217,15,0,0
BRDA:217,15,1,0
BRDA:222,16,0,0
BRDA:222,16,1,0
BRDA:223,17,0,0
BRDA:223,17,1,0
BRDA:229,18,0,0
BRDA:229,18,1,0
BRDA:230,19,0,0
BRDA:230,19,1,0
BRDA:231,20,0,0
BRDA:231,20,1,0
BRDA:232,21,0,0
BRDA:232,21,1,0
BRDA:243,22,0,0
BRDA:243,22,1,0
BRDA:262,23,0,0
BRDA:262,23,1,0
BRDA:262,24,0,0
BRDA:262,24,1,0
BRF:50
BRH:0
end_of_record
TN:
SF:src\controllers\authController.js
FN:9,(anonymous_0)
FN:15,(anonymous_1)
FN:29,(anonymous_2)
FN:48,(anonymous_3)
FN:68,(anonymous_4)
FN:87,(anonymous_5)
FN:105,(anonymous_6)
FNF:7
FNH:4
FNDA:5,(anonymous_0)
FNDA:11,(anonymous_1)
FNDA:4,(anonymous_2)
FNDA:1,(anonymous_3)
FNDA:0,(anonymous_4)
FNDA:0,(anonymous_5)
FNDA:0,(anonymous_6)
DA:2,1
DA:3,1
DA:4,1
DA:9,1
DA:10,5
DA:11,5
DA:12,3
DA:15,11
DA:17,3
DA:19,2
DA:29,1
DA:30,4
DA:31,4
DA:32,1
DA:33,0
DA:39,1
DA:48,1
DA:49,1
DA:50,1
DA:51,1
DA:52,1
DA:53,0
DA:59,1
DA:68,1
DA:69,0
DA:70,0
DA:71,0
DA:72,0
DA:78,0
DA:87,1
DA:88,0
DA:89,0
DA:90,0
DA:91,0
DA:96,0
DA:105,1
DA:106,0
DA:107,0
DA:110,0
DA:111,0
DA:114,0
DA:129,0
DA:133,1
LF:43
LH:25
BRDA:11,0,0,3
BRDA:11,0,1,2
BRDA:31,1,0,3
BRDA:31,1,1,1
BRDA:50,2,0,0
BRDA:50,2,1,1
BRDA:110,3,0,0
BRDA:110,3,1,0
BRF:8
BRH:5
end_of_record
TN:
SF:src\controllers\healthRecordController.js
FN:8,(anonymous_0)
FN:14,(anonymous_1)
FN:28,(anonymous_2)
FN:67,(anonymous_3)
FN:90,(anonymous_4)
FN:114,(anonymous_5)
FN:144,(anonymous_6)
FNF:7
FNH:0
FNDA:0,(anonymous_0)
FNDA:0,(anonymous_1)
FNDA:0,(anonymous_2)
FNDA:0,(anonymous_3)
FNDA:0,(anonymous_4)
FNDA:0,(anonymous_5)
FNDA:0,(anonymous_6)
DA:2,1
DA:3,1
DA:4,1
DA:8,1
DA:9,0
DA:10,0
DA:11,0
DA:14,0
DA:16,0
DA:18,0
DA:28,1
DA:29,0
DA:30,0
DA:32,0
DA:33,0
DA:36,0
DA:38,0
DA:39,0
DA:42,0
DA:54,0
DA:56,0
DA:58,0
DA:67,1
DA:68,0
DA:69,0
DA:70,0
DA:71,0
DA:73,0
DA:79,0
DA:81,0
DA:90,1
DA:91,0
DA:92,0
DA:93,0
DA:95,0
DA:96,0
DA:98,0
DA:103,0
DA:105,0
DA:114,1
DA:115,0
DA:116,0
DA:121,0
DA:122,0
DA:126,0
DA:130,0
DA:133,0
DA:135,0
DA:144,1
DA:145,0
DA:146,0
DA:147,0
DA:148,0
DA:151,0
DA:152,0
DA:154,0
DA:155,0
DA:158,0
DA:159,0
DA:161,0
DA:163,0
DA:167,1
LF:62
LH:10
BRDA:10,0,0,0
BRDA:10,0,1,0
BRDA:30,1,0,0
BRDA:30,1,1,0
BRDA:36,2,0,0
BRDA:36,2,1,0
BRDA:38,3,0,0
BRDA:38,3,1,0
BRDA:50,4,0,0
BRDA:50,4,1,0
BRDA:51,5,0,0
BRDA:51,5,1,0
BRDA:71,6,0,0
BRDA:71,6,1,0
BRDA:96,7,0,0
BRDA:96,7,1,0
BRDA:121,8,0,0
BRDA:121,8,1,0
BRDA:126,9,0,0
BRDA:126,9,1,0
BRDA:127,10,0,0
BRDA:127,10,1,0
BRDA:147,11,0,0
BRDA:147,11,1,0
BRDA:154,12,0,0
BRDA:154,12,1,0
BRDA:154,13,0,0
BRDA:154,13,1,0
BRF:28
BRH:0
end_of_record
TN:
SF:src\middleware\authMiddleware.js
FN:12,(anonymous_0)
FN:83,(anonymous_1)
FN:83,(anonymous_2)
FN:103,(anonymous_3)
FNF:4
FNH:2
FNDA:4,(anonymous_0)
FNDA:17,(anonymous_1)
FNDA:0,(anonymous_2)
FNDA:0,(anonymous_3)
DA:2,1
DA:3,1
DA:12,1
DA:13,4
DA:14,4
DA:16,4
DA:17,4
DA:23,0
DA:27,0
DA:28,0
DA:31,0
DA:34,0
DA:38,0
DA:39,0
DA:40,0
DA:47,0
DA:48,0
DA:55,0
DA:56,0
DA:63,0
DA:69,0
DA:71,0
DA:83,17
DA:84,0
DA:85,0
DA:90,0
DA:103,1
DA:105,0
DA:108,0
DA:113,0
DA:115,0
DA:116,0
DA:122,0
DA:125,1
LF:34
LH:10
BRDA:16,0,0,4
BRDA:16,0,1,0
BRDA:16,1,0,4
BRDA:16,1,1,0
BRDA:31,2,0,0
BRDA:31,2,1,0
BRDA:39,3,0,0
BRDA:39,3,1,0
BRDA:47,4,0,0
BRDA:47,4,1,0
BRDA:55,5,0,0
BRDA:55,5,1,0
BRDA:66,6,0,0
BRDA:66,6,1,0
BRDA:84,7,0,0
BRDA:84,7,1,0
BRDA:105,8,0,0
BRDA:105,8,1,0
BRDA:108,9,0,0
BRDA:108,9,1,0
BRDA:108,9,2,0
BRDA:113,10,0,0
BRDA:113,10,1,0
BRDA:115,11,0,0
BRDA:115,11,1,0
BRF:25
BRH:2
end_of_record
TN:
SF:src\middleware\errorMiddleware.js
FN:7,(anonymous_0)
FN:21,(anonymous_1)
FN:43,(anonymous_2)
FNF:3
FNH:2
FNDA:1,(anonymous_0)
FNDA:3,(anonymous_1)
FNDA:0,(anonymous_2)
DA:7,1
DA:8,1
DA:9,1
DA:10,1
DA:21,1
DA:22,3
DA:23,3
DA:24,3
DA:27,3
DA:28,0
DA:29,0
DA:33,3
DA:34,0
DA:35,0
DA:36,0
DA:37,0
DA:41,3
DA:42,0
DA:43,0
DA:47,0
DA:52,3
DA:53,0
DA:54,0
DA:58,3
DA:59,0
DA:60,0
DA:63,3
DA:64,0
DA:65,0
DA:69,3
DA:70,0
DA:71,0
DA:74,3
DA:82,1
LF:34
LH:17
BRDA:22,0,0,3
BRDA:22,0,1,0
BRDA:22,0,2,0
BRDA:23,1,0,3
BRDA:23,1,1,0
BRDA:27,2,0,0
BRDA:27,2,1,3
BRDA:33,3,0,0
BRDA:33,3,1,3
BRDA:35,4,0,0
BRDA:35,4,1,0
BRDA:35,5,0,0
BRDA:35,5,1,0
BRDA:41,6,0,0
BRDA:41,6,1,3
BRDA:52,7,0,0
BRDA:52,7,1,3
BRDA:58,8,0,0
BRDA:58,8,1,3
BRDA:63,9,0,0
BRDA:63,9,1,3
BRDA:69,10,0,0
BRDA:69,10,1,3
BRDA:71,11,0,0
BRDA:71,11,1,0
BRDA:77,12,0,3
BRDA:77,12,1,0
BRDA:78,13,0,3
BRDA:78,13,1,0
BRF:29
BRH:11
end_of_record
TN:
SF:src\models\AmbulanceRequest.js
FNF:0
FNH:0
DA:2,1
DA:4,1
DA:35,1
DA:36,1
LF:4
LH:4
BRF:0
BRH:0
end_of_record
TN:
SF:src\models\Appointment.js
FNF:0
FNH:0
DA:2,1
DA:4,1
DA:11,1
DA:18,1
DA:71,1
DA:72,1
DA:73,1
DA:76,1
DA:81,1
DA:82,1
LF:10
LH:10
BRF:0
BRH:0
end_of_record
TN:
SF:src\models\HealthRecord.js
FNF:0
FNH:0
DA:2,1
DA:4,1
DA:13,1
DA:68,1
DA:69,1
DA:70,1
DA:72,1
DA:73,1
LF:8
LH:8
BRF:0
BRH:0
end_of_record
TN:
SF:src\models\Hospital.js
FNF:0
FNH:0
DA:2,1
DA:8,1
DA:68,1
DA:70,1
DA:71,1
LF:5
LH:5
BRF:0
BRH:0
end_of_record
TN:
SF:src\models\User.js
FN:123,(anonymous_0)
FN:140,(anonymous_1)
FN:148,(anonymous_2)
FN:157,(anonymous_3)
FNF:4
FNH:0
FNDA:0,(anonymous_0)
FNDA:0,(anonymous_1)
FNDA:0,(anonymous_2)
FNDA:0,(anonymous_3)
DA:2,1
DA:3,1
DA:6,1
DA:14,1
DA:49,1
DA:119,1
DA:120,1
DA:123,1
DA:124,0
DA:126,0
DA:127,0
DA:130,0
DA:131,0
DA:134,0
DA:140,1
DA:141,0
DA:148,1
DA:149,0
DA:150,0
DA:151,0
DA:153,0
DA:157,1
DA:158,0
DA:159,0
DA:161,0
DA:164,1
DA:165,1
DA:167,1
DA:168,1
LF:29
LH:15
BRDA:124,0,0,0
BRDA:124,0,1,0
BRDA:130,1,0,0
BRDA:130,1,1,0
BRDA:149,2,0,0
BRDA:149,2,1,0
BRDA:158,3,0,0
BRDA:158,3,1,0
BRF:8
BRH:0
end_of_record
TN:
SF:src\routes\adminRoutes.js
FNF:0
FNH:0
DA:2,1
DA:3,1
DA:4,1
DA:13,1
DA:15,1
DA:18,1
DA:21,1
DA:22,1
DA:25,1
DA:27,1
DA:35,1
DA:40,1
DA:43,1
DA:45,1
LF:14
LH:14
BRF:0
BRH:0
end_of_record
TN:
SF:src\routes\ambulanceRoutes.js
FN:16,(anonymous_0)
FN:58,(anonymous_1)
FNF:2
FNH:0
FNDA:0,(anonymous_0)
FNDA:0,(anonymous_1)
DA:2,1
DA:3,1
DA:4,1
DA:5,1
DA:7,1
DA:10,1
DA:16,1
DA:17,0
DA:18,0
DA:20,0
DA:21,0
DA:23,0
DA:35,0
DA:36,0
DA:37,0
DA:46,0
DA:51,0
DA:58,1
DA:59,0
DA:60,0
DA:64,0
DA:65,0
DA:68,1
LF:23
LH:9
BRDA:21,0,0,0
BRDA:21,0,1,0
BRDA:25,1,0,0
BRDA:25,1,1,0
BRDA:27,2,0,0
BRDA:27,2,1,0
BRDA:28,3,0,0
BRDA:28,3,1,0
BRDA:29,4,0,0
BRDA:29,4,1,0
BRDA:30,5,0,0
BRDA:30,5,1,0
BRDA:36,6,0,0
BRDA:36,6,1,0
BRDA:36,7,0,0
BRDA:36,7,1,0
BRF:16
BRH:0
end_of_record
TN:
SF:src\routes\appointmentRoutes.js
FNF:0
FNH:0
DA:2,1
DA:3,1
DA:4,1
DA:12,1
DA:13,1
DA:15,1
DA:18,1
DA:21,1
DA:24,1
DA:36,1
DA:39,1
DA:40,1
DA:43,1
DA:54,1
LF:14
LH:14
BRF:0
BRH:0
end_of_record
TN:
SF:src\routes\authRoutes.js
FNF:0
FNH:0
DA:2,1
DA:3,1
DA:10,1
DA:11,1
DA:13,1
DA:17,1
DA:41,1
DA:52,1
DA:55,1
DA:58,1
DA:61,1
DA:64,1
DA:66,1
LF:13
LH:13
BRF:0
BRH:0
end_of_record
TN:
SF:src\routes\doctorRoutes.js
FN:15,(anonymous_0)
FNF:1
FNH:0
FNDA:0,(anonymous_0)
DA:2,1
DA:3,1
DA:4,1
DA:6,1
DA:8,1
DA:15,1
DA:16,0
DA:17,0
DA:18,0
DA:19,0
DA:22,0
DA:31,0
DA:33,0
DA:37,1
LF:14
LH:7
BRDA:18,0,0,0
BRDA:18,0,1,0
BRF:2
BRH:0
end_of_record
TN:
SF:src\routes\healthRecordRoutes.js
FNF:0
FNH:0
DA:2,1
DA:3,1
DA:4,1
DA:11,1
DA:12,1
DA:14,1
DA:16,1
DA:18,1
DA:21,1
DA:24,1
DA:31,1
DA:34,1
DA:45,1
DA:47,1
LF:14
LH:14
BRF:0
BRH:0
end_of_record
TN:
SF:src\routes\superAdminRoutes.js
FN:17,(anonymous_0)
FN:28,(anonymous_1)
FN:79,(anonymous_2)
FN:96,(anonymous_3)
FN:112,(anonymous_4)
FN:128,(anonymous_5)
FNF:6
FNH:0
FNDA:0,(anonymous_0)
FNDA:0,(anonymous_1)
FNDA:0,(anonymous_2)
FNDA:0,(anonymous_3)
FNDA:0,(anonymous_4)
FNDA:0,(anonymous_5)
DA:2,1
DA:3,1
DA:4,1
DA:5,1
DA:7,1
DA:10,1
DA:11,1
DA:17,1
DA:18,0
DA:19,0
DA:20,0
DA:21,0
DA:28,1
DA:29,0
DA:30,0
DA:31,0
DA:33,0
DA:34,0
DA:46,0
DA:58,0
DA:72,0
DA:79,1
DA:80,0
DA:81,0
DA:82,0
DA:87,0
DA:88,0
DA:89,0
DA:96,1
DA:97,0
DA:98,0
DA:99,0
DA:104,0
DA:105,0
DA:112,1
DA:113,0
DA:114,0
DA:119,0
DA:120,0
DA:121,0
DA:128,1
DA:129,0
DA:130,0
DA:131,0
DA:136,0
DA:137,0
DA:138,0
DA:141,1
LF:48
LH:14
BRDA:87,0,0,0
BRDA:87,0,1,0
BRDA:98,1,0,0
BRDA:119,2,0,0
BRDA:119,2,1,0
BRDA:130,3,0,0
BRDA:136,4,0,0
BRDA:136,4,1,0
BRF:8
BRH:0
end_of_record
TN:
SF:src\services\authService.js
FN:12,(anonymous_0)
FN:27,(anonymous_1)
FN:46,(anonymous_2)
FN:126,(anonymous_3)
FN:186,(anonymous_4)
FN:218,(anonymous_5)
FN:231,(anonymous_6)
FN:242,(anonymous_7)
FNF:8
FNH:2
FNDA:0,(anonymous_0)
FNDA:0,(anonymous_1)
FNDA:1,(anonymous_2)
FNDA:1,(anonymous_3)
FNDA:0,(anonymous_4)
FNDA:0,(anonymous_5)
FNDA:0,(anonymous_6)
FNDA:0,(anonymous_7)
DA:2,1
DA:3,1
DA:4,1
DA:12,1
DA:13,0
DA:27,1
DA:28,0
DA:46,1
DA:47,1
DA:49,1
DA:50,0
DA:51,0
DA:52,0
DA:56,1
DA:57,1
DA:58,0
DA:59,0
DA:60,0
DA:64,1
DA:66,1
DA:67,1
DA:68,0
DA:69,0
DA:70,0
DA:73,1
DA:78,1
DA:79,1
DA:80,1
DA:81,1
DA:84,0
DA:88,0
DA:89,0
DA:105,0
DA:106,0
DA:108,0
DA:113,0
DA:126,1
DA:128,1
DA:130,1
DA:134,0
DA:135,0
DA:136,0
DA:139,1
DA:140,1
DA:141,1
DA:142,1
DA:145,0
DA:146,0
DA:147,0
DA:148,0
DA:151,0
DA:152,0
DA:153,0
DA:154,0
DA:157,0
DA:158,0
DA:159,0
DA:160,0
DA:163,0
DA:164,0
DA:167,0
DA:169,0
DA:174,0
DA:186,1
DA:187,0
DA:188,0
DA:189,0
DA:190,0
DA:194,0
DA:195,0
DA:197,0
DA:198,0
DA:199,0
DA:202,0
DA:204,0
DA:206,0
DA:207,0
DA:209,0
DA:210,0
DA:211,0
DA:215,0
DA:216,0
DA:218,0
DA:219,0
DA:220,0
DA:222,0
DA:231,1
DA:232,0
DA:233,0
DA:242,1
DA:253,1
LF:91
LH:29
BRDA:17,0,0,0
BRDA:17,0,1,0
BRDA:20,1,0,0
BRDA:20,1,1,0
BRDA:31,2,0,0
BRDA:31,2,1,0
BRDA:49,3,0,0
BRDA:49,3,1,1
BRDA:49,4,0,1
BRDA:49,4,1,1
BRDA:57,5,0,0
BRDA:57,5,1,1
BRDA:66,6,0,1
BRDA:66,6,1,0
BRDA:67,7,0,0
BRDA:67,7,1,1
BRDA:78,8,0,1
BRDA:78,8,1,0
BRDA:92,9,0,0
BRDA:92,9,1,0
BRDA:97,10,0,0
BRDA:97,10,1,0
BRDA:99,11,0,0
BRDA:99,11,1,0
BRDA:100,12,0,0
BRDA:100,12,1,0
BRDA:139,13,0,1
BRDA:139,13,1,0
BRDA:139,14,0,1
BRDA:139,14,1,0
BRDA:145,15,0,0
BRDA:145,15,1,0
BRDA:151,16,0,0
BRDA:151,16,1,0
BRDA:151,17,0,0
BRDA:151,17,1,0
BRDA:157,18,0,0
BRDA:157,18,1,0
BRDA:157,19,0,0
BRDA:157,19,1,0
BRDA:158,20,0,0
BRDA:158,20,1,0
BRDA:167,21,0,0
BRDA:167,21,1,0
BRDA:187,22,0,0
BRDA:187,22,1,0
BRDA:204,23,0,0
BRDA:204,23,1,0
BRDA:204,24,0,0
BRDA:204,24,1,0
BRDA:206,25,0,0
BRDA:206,25,1,0
BRDA:232,26,0,0
BRDA:232,26,1,0
BRF:54
BRH:9
end_of_record
